#! /c/Source/iverilog-install/bin/vvp
:ivl_version "12.0 (devel)" "(s20150603-1110-g18392a46)";
:ivl_delay_selection "TYPICAL";
:vpi_time_precision + 0;
:vpi_module "C:\iverilog\lib\ivl\system.vpi";
:vpi_module "C:\iverilog\lib\ivl\vhdl_sys.vpi";
:vpi_module "C:\iverilog\lib\ivl\vhdl_textio.vpi";
:vpi_module "C:\iverilog\lib\ivl\v2005_math.vpi";
:vpi_module "C:\iverilog\lib\ivl\va_math.vpi";
S_00000205ca84ad70 .scope module, "insMem_tb" "insMem_tb" 2 3;
 .timescale 0 0;
v00000205ca85a3a0_0 .var "Inst_address", 63 0;
v00000205ca85a440_0 .net "Instruction", 31 0, v00000205ca8230a0_0;  1 drivers
S_00000205ca85a170 .scope module, "im1" "Instruction_Memory" 2 7, 3 1 0, S_00000205ca84ad70;
 .timescale 0 0;
    .port_info 0 /INPUT 64 "Inst_address";
    .port_info 1 /OUTPUT 32 "Instruction";
v00000205ca9cbac0_0 .net "Inst_address", 63 0, v00000205ca85a3a0_0;  1 drivers
v00000205ca8230a0_0 .var "Instruction", 31 0;
v00000205ca85a300 .array "instr_mem", 0 15, 7 0;
E_00000205ca849c20 .event anyedge, v00000205ca9cbac0_0;
    .scope S_00000205ca85a170;
T_0 ;
    %pushi/vec4 10, 0, 8;
    %ix/load 4, 0, 0;
    %flag_set/imm 4, 0;
    %store/vec4a v00000205ca85a300, 4, 0;
    %pushi/vec4 11, 0, 8;
    %ix/load 4, 1, 0;
    %flag_set/imm 4, 0;
    %store/vec4a v00000205ca85a300, 4, 0;
    %pushi/vec4 12, 0, 8;
    %ix/load 4, 2, 0;
    %flag_set/imm 4, 0;
    %store/vec4a v00000205ca85a300, 4, 0;
    %pushi/vec4 13, 0, 8;
    %ix/load 4, 3, 0;
    %flag_set/imm 4, 0;
    %store/vec4a v00000205ca85a300, 4, 0;
    %pushi/vec4 14, 0, 8;
    %ix/load 4, 4, 0;
    %flag_set/imm 4, 0;
    %store/vec4a v00000205ca85a300, 4, 0;
    %pushi/vec4 15, 0, 8;
    %ix/load 4, 5, 0;
    %flag_set/imm 4, 0;
    %store/vec4a v00000205ca85a300, 4, 0;
    %pushi/vec4 16, 0, 8;
    %ix/load 4, 6, 0;
    %flag_set/imm 4, 0;
    %store/vec4a v00000205ca85a300, 4, 0;
    %pushi/vec4 17, 0, 8;
    %ix/load 4, 7, 0;
    %flag_set/imm 4, 0;
    %store/vec4a v00000205ca85a300, 4, 0;
    %pushi/vec4 18, 0, 8;
    %ix/load 4, 8, 0;
    %flag_set/imm 4, 0;
    %store/vec4a v00000205ca85a300, 4, 0;
    %pushi/vec4 19, 0, 8;
    %ix/load 4, 9, 0;
    %flag_set/imm 4, 0;
    %store/vec4a v00000205ca85a300, 4, 0;
    %pushi/vec4 20, 0, 8;
    %ix/load 4, 10, 0;
    %flag_set/imm 4, 0;
    %store/vec4a v00000205ca85a300, 4, 0;
    %pushi/vec4 21, 0, 8;
    %ix/load 4, 11, 0;
    %flag_set/imm 4, 0;
    %store/vec4a v00000205ca85a300, 4, 0;
    %pushi/vec4 22, 0, 8;
    %ix/load 4, 12, 0;
    %flag_set/imm 4, 0;
    %store/vec4a v00000205ca85a300, 4, 0;
    %pushi/vec4 23, 0, 8;
    %ix/load 4, 13, 0;
    %flag_set/imm 4, 0;
    %store/vec4a v00000205ca85a300, 4, 0;
    %pushi/vec4 24, 0, 8;
    %ix/load 4, 14, 0;
    %flag_set/imm 4, 0;
    %store/vec4a v00000205ca85a300, 4, 0;
    %pushi/vec4 25, 0, 8;
    %ix/load 4, 15, 0;
    %flag_set/imm 4, 0;
    %store/vec4a v00000205ca85a300, 4, 0;
    %end;
    .thread T_0;
    .scope S_00000205ca85a170;
T_1 ;
    %wait E_00000205ca849c20;
    %load/vec4 v00000205ca9cbac0_0;
    %dup/vec4;
    %pushi/vec4 0, 0, 64;
    %cmp/u;
    %jmp/1 T_1.0, 6;
    %dup/vec4;
    %pushi/vec4 4, 0, 64;
    %cmp/u;
    %jmp/1 T_1.1, 6;
    %dup/vec4;
    %pushi/vec4 8, 0, 64;
    %cmp/u;
    %jmp/1 T_1.2, 6;
    %dup/vec4;
    %pushi/vec4 12, 0, 64;
    %cmp/u;
    %jmp/1 T_1.3, 6;
    %jmp T_1.4;
T_1.0 ;
    %ix/load 4, 3, 0;
    %flag_set/imm 4, 0;
    %load/vec4a v00000205ca85a300, 4;
    %ix/load 4, 2, 0;
    %flag_set/imm 4, 0;
    %load/vec4a v00000205ca85a300, 4;
    %concat/vec4; draw_concat_vec4
    %ix/load 4, 1, 0;
    %flag_set/imm 4, 0;
    %load/vec4a v00000205ca85a300, 4;
    %concat/vec4; draw_concat_vec4
    %ix/load 4, 0, 0;
    %flag_set/imm 4, 0;
    %load/vec4a v00000205ca85a300, 4;
    %concat/vec4; draw_concat_vec4
    %store/vec4 v00000205ca8230a0_0, 0, 32;
    %jmp T_1.4;
T_1.1 ;
    %ix/load 4, 7, 0;
    %flag_set/imm 4, 0;
    %load/vec4a v00000205ca85a300, 4;
    %ix/load 4, 6, 0;
    %flag_set/imm 4, 0;
    %load/vec4a v00000205ca85a300, 4;
    %concat/vec4; draw_concat_vec4
    %ix/load 4, 5, 0;
    %flag_set/imm 4, 0;
    %load/vec4a v00000205ca85a300, 4;
    %concat/vec4; draw_concat_vec4
    %ix/load 4, 4, 0;
    %flag_set/imm 4, 0;
    %load/vec4a v00000205ca85a300, 4;
    %concat/vec4; draw_concat_vec4
    %store/vec4 v00000205ca8230a0_0, 0, 32;
    %jmp T_1.4;
T_1.2 ;
    %ix/load 4, 11, 0;
    %flag_set/imm 4, 0;
    %load/vec4a v00000205ca85a300, 4;
    %ix/load 4, 10, 0;
    %flag_set/imm 4, 0;
    %load/vec4a v00000205ca85a300, 4;
    %concat/vec4; draw_concat_vec4
    %ix/load 4, 9, 0;
    %flag_set/imm 4, 0;
    %load/vec4a v00000205ca85a300, 4;
    %concat/vec4; draw_concat_vec4
    %ix/load 4, 8, 0;
    %flag_set/imm 4, 0;
    %load/vec4a v00000205ca85a300, 4;
    %concat/vec4; draw_concat_vec4
    %store/vec4 v00000205ca8230a0_0, 0, 32;
    %jmp T_1.4;
T_1.3 ;
    %ix/load 4, 15, 0;
    %flag_set/imm 4, 0;
    %load/vec4a v00000205ca85a300, 4;
    %ix/load 4, 14, 0;
    %flag_set/imm 4, 0;
    %load/vec4a v00000205ca85a300, 4;
    %concat/vec4; draw_concat_vec4
    %ix/load 4, 13, 0;
    %flag_set/imm 4, 0;
    %load/vec4a v00000205ca85a300, 4;
    %concat/vec4; draw_concat_vec4
    %ix/load 4, 12, 0;
    %flag_set/imm 4, 0;
    %load/vec4a v00000205ca85a300, 4;
    %concat/vec4; draw_concat_vec4
    %store/vec4 v00000205ca8230a0_0, 0, 32;
    %jmp T_1.4;
T_1.4 ;
    %pop/vec4 1;
    %jmp T_1;
    .thread T_1, $push;
    .scope S_00000205ca84ad70;
T_2 ;
    %pushi/vec4 0, 0, 64;
    %store/vec4 v00000205ca85a3a0_0, 0, 64;
    %delay 5, 0;
    %pushi/vec4 4, 0, 64;
    %store/vec4 v00000205ca85a3a0_0, 0, 64;
    %delay 5, 0;
    %pushi/vec4 8, 0, 64;
    %store/vec4 v00000205ca85a3a0_0, 0, 64;
    %delay 5, 0;
    %pushi/vec4 12, 0, 64;
    %store/vec4 v00000205ca85a3a0_0, 0, 64;
    %delay 5, 0;
    %pushi/vec4 15, 0, 64;
    %store/vec4 v00000205ca85a3a0_0, 0, 64;
    %vpi_call 2 19 "$finish" {0 0 0};
    %end;
    .thread T_2;
    .scope S_00000205ca84ad70;
T_3 ;
    %vpi_call 2 23 "$dumpfile", "Inst_Memory.vcd" {0 0 0};
    %vpi_call 2 24 "$dumpvars" {0 0 0};
    %end;
    .thread T_3;
# The file index is used to find the file name in the following table.
:file_names 4;
    "N/A";
    "<interactive>";
    "insMem_tb.v";
    "./Instruction_Memory.v";
