#! /c/Source/iverilog-install/bin/vvp
:ivl_version "12.0 (devel)" "(s20150603-1110-g18392a46)";
:ivl_delay_selection "TYPICAL";
:vpi_time_precision + 0;
:vpi_module "C:\iverilog\lib\ivl\system.vpi";
:vpi_module "C:\iverilog\lib\ivl\vhdl_sys.vpi";
:vpi_module "C:\iverilog\lib\ivl\vhdl_textio.vpi";
:vpi_module "C:\iverilog\lib\ivl\v2005_math.vpi";
:vpi_module "C:\iverilog\lib\ivl\va_math.vpi";
S_000001e171b5d190 .scope module, "Inst_Fetch_tb" "Inst_Fetch_tb" 2 3;
 .timescale 0 0;
v000001e171b63fd0_0 .var "clk", 0 0;
v000001e171b64250_0 .net "instruction", 31 0, v000001e171b6c360_0;  1 drivers
v000001e171b64bb0_0 .var "reset", 0 0;
S_000001e171b6b6c0 .scope module, "if1" "Instruction_Fetch" 2 7, 3 5 0, S_000001e171b5d190;
 .timescale 0 0;
    .port_info 0 /INPUT 1 "clk";
    .port_info 1 /INPUT 1 "reset";
    .port_info 2 /OUTPUT 32 "instruction";
v000001e171b6e7b0_0 .net "PC_In", 63 0, L_000001e171b646b0;  1 drivers
v000001e171b6e850_0 .net "PC_Out", 63 0, v000001e171b6e5d0_0;  1 drivers
v000001e171b649d0_0 .net "clk", 0 0, v000001e171b63fd0_0;  1 drivers
v000001e171b64390_0 .net "instruction", 31 0, v000001e171b6c360_0;  alias, 1 drivers
v000001e171b64110_0 .net "reset", 0 0, v000001e171b64bb0_0;  1 drivers
S_000001e171b6b850 .scope module, "a1" "Adder" 3 13, 4 1 0, S_000001e171b6b6c0;
 .timescale 0 0;
    .port_info 0 /INPUT 64 "a";
    .port_info 1 /INPUT 64 "b";
    .port_info 2 /OUTPUT 64 "c";
v000001e1719dba90_0 .net "a", 63 0, v000001e171b6e5d0_0;  alias, 1 drivers
L_000001e171bc57f8 .functor BUFT 1, C4<0000000000000000000000000000000000000000000000000000000000000100>, C4<0>, C4<0>, C4<0>;
v000001e171b330a0_0 .net "b", 63 0, L_000001e171bc57f8;  1 drivers
v000001e171b6b9e0_0 .net "c", 63 0, L_000001e171b646b0;  alias, 1 drivers
L_000001e171b646b0 .arith/sum 64, v000001e171b6e5d0_0, L_000001e171bc57f8;
S_000001e171b6c1d0 .scope module, "im1" "Instruction_Memory" 3 14, 5 1 0, S_000001e171b6b6c0;
 .timescale 0 0;
    .port_info 0 /INPUT 64 "Inst_address";
    .port_info 1 /OUTPUT 32 "Instruction";
v000001e171b6ba80_0 .net "Inst_address", 63 0, v000001e171b6e5d0_0;  alias, 1 drivers
v000001e171b6c360_0 .var "Instruction", 31 0;
v000001e171b6c400 .array "instr_mem", 0 15, 7 0;
E_000001e171b5ca10 .event anyedge, v000001e1719dba90_0;
S_000001e171b6c4a0 .scope module, "pc1" "Program_Counter" 3 12, 6 1 0, S_000001e171b6b6c0;
 .timescale 0 0;
    .port_info 0 /INPUT 1 "clk";
    .port_info 1 /INPUT 1 "reset";
    .port_info 2 /INPUT 64 "PC_In";
    .port_info 3 /OUTPUT 64 "PC_Out";
v000001e171b6e530_0 .net "PC_In", 63 0, L_000001e171b646b0;  alias, 1 drivers
v000001e171b6e5d0_0 .var "PC_Out", 63 0;
v000001e171b6e670_0 .net "clk", 0 0, v000001e171b63fd0_0;  alias, 1 drivers
v000001e171b6e710_0 .net "reset", 0 0, v000001e171b64bb0_0;  alias, 1 drivers
E_000001e171b5c950 .event posedge, v000001e171b6e710_0, v000001e171b6e670_0;
    .scope S_000001e171b6c4a0;
T_0 ;
    %wait E_000001e171b5c950;
    %load/vec4 v000001e171b6e710_0;
    %cmpi/e 1, 0, 1;
    %flag_mov 8, 4;
    %jmp/0 T_0.0, 8;
    %pushi/vec4 0, 0, 64;
    %jmp/1 T_0.1, 8;
T_0.0 ; End of true expr.
    %load/vec4 v000001e171b6e530_0;
    %jmp/0 T_0.1, 8;
 ; End of false expr.
    %blend;
T_0.1;
    %store/vec4 v000001e171b6e5d0_0, 0, 64;
    %jmp T_0;
    .thread T_0;
    .scope S_000001e171b6c1d0;
T_1 ;
    %pushi/vec4 10, 0, 8;
    %ix/load 4, 0, 0;
    %flag_set/imm 4, 0;
    %store/vec4a v000001e171b6c400, 4, 0;
    %pushi/vec4 11, 0, 8;
    %ix/load 4, 1, 0;
    %flag_set/imm 4, 0;
    %store/vec4a v000001e171b6c400, 4, 0;
    %pushi/vec4 12, 0, 8;
    %ix/load 4, 2, 0;
    %flag_set/imm 4, 0;
    %store/vec4a v000001e171b6c400, 4, 0;
    %pushi/vec4 13, 0, 8;
    %ix/load 4, 3, 0;
    %flag_set/imm 4, 0;
    %store/vec4a v000001e171b6c400, 4, 0;
    %pushi/vec4 14, 0, 8;
    %ix/load 4, 4, 0;
    %flag_set/imm 4, 0;
    %store/vec4a v000001e171b6c400, 4, 0;
    %pushi/vec4 15, 0, 8;
    %ix/load 4, 5, 0;
    %flag_set/imm 4, 0;
    %store/vec4a v000001e171b6c400, 4, 0;
    %pushi/vec4 16, 0, 8;
    %ix/load 4, 6, 0;
    %flag_set/imm 4, 0;
    %store/vec4a v000001e171b6c400, 4, 0;
    %pushi/vec4 17, 0, 8;
    %ix/load 4, 7, 0;
    %flag_set/imm 4, 0;
    %store/vec4a v000001e171b6c400, 4, 0;
    %pushi/vec4 18, 0, 8;
    %ix/load 4, 8, 0;
    %flag_set/imm 4, 0;
    %store/vec4a v000001e171b6c400, 4, 0;
    %pushi/vec4 19, 0, 8;
    %ix/load 4, 9, 0;
    %flag_set/imm 4, 0;
    %store/vec4a v000001e171b6c400, 4, 0;
    %pushi/vec4 20, 0, 8;
    %ix/load 4, 10, 0;
    %flag_set/imm 4, 0;
    %store/vec4a v000001e171b6c400, 4, 0;
    %pushi/vec4 21, 0, 8;
    %ix/load 4, 11, 0;
    %flag_set/imm 4, 0;
    %store/vec4a v000001e171b6c400, 4, 0;
    %pushi/vec4 22, 0, 8;
    %ix/load 4, 12, 0;
    %flag_set/imm 4, 0;
    %store/vec4a v000001e171b6c400, 4, 0;
    %pushi/vec4 23, 0, 8;
    %ix/load 4, 13, 0;
    %flag_set/imm 4, 0;
    %store/vec4a v000001e171b6c400, 4, 0;
    %pushi/vec4 24, 0, 8;
    %ix/load 4, 14, 0;
    %flag_set/imm 4, 0;
    %store/vec4a v000001e171b6c400, 4, 0;
    %pushi/vec4 25, 0, 8;
    %ix/load 4, 15, 0;
    %flag_set/imm 4, 0;
    %store/vec4a v000001e171b6c400, 4, 0;
    %end;
    .thread T_1;
    .scope S_000001e171b6c1d0;
T_2 ;
    %wait E_000001e171b5ca10;
    %load/vec4 v000001e171b6ba80_0;
    %dup/vec4;
    %pushi/vec4 0, 0, 64;
    %cmp/u;
    %jmp/1 T_2.0, 6;
    %dup/vec4;
    %pushi/vec4 4, 0, 64;
    %cmp/u;
    %jmp/1 T_2.1, 6;
    %dup/vec4;
    %pushi/vec4 8, 0, 64;
    %cmp/u;
    %jmp/1 T_2.2, 6;
    %dup/vec4;
    %pushi/vec4 12, 0, 64;
    %cmp/u;
    %jmp/1 T_2.3, 6;
    %jmp T_2.4;
T_2.0 ;
    %ix/load 4, 3, 0;
    %flag_set/imm 4, 0;
    %load/vec4a v000001e171b6c400, 4;
    %ix/load 4, 2, 0;
    %flag_set/imm 4, 0;
    %load/vec4a v000001e171b6c400, 4;
    %concat/vec4; draw_concat_vec4
    %ix/load 4, 1, 0;
    %flag_set/imm 4, 0;
    %load/vec4a v000001e171b6c400, 4;
    %concat/vec4; draw_concat_vec4
    %ix/load 4, 0, 0;
    %flag_set/imm 4, 0;
    %load/vec4a v000001e171b6c400, 4;
    %concat/vec4; draw_concat_vec4
    %store/vec4 v000001e171b6c360_0, 0, 32;
    %jmp T_2.4;
T_2.1 ;
    %ix/load 4, 7, 0;
    %flag_set/imm 4, 0;
    %load/vec4a v000001e171b6c400, 4;
    %ix/load 4, 6, 0;
    %flag_set/imm 4, 0;
    %load/vec4a v000001e171b6c400, 4;
    %concat/vec4; draw_concat_vec4
    %ix/load 4, 5, 0;
    %flag_set/imm 4, 0;
    %load/vec4a v000001e171b6c400, 4;
    %concat/vec4; draw_concat_vec4
    %ix/load 4, 4, 0;
    %flag_set/imm 4, 0;
    %load/vec4a v000001e171b6c400, 4;
    %concat/vec4; draw_concat_vec4
    %store/vec4 v000001e171b6c360_0, 0, 32;
    %jmp T_2.4;
T_2.2 ;
    %ix/load 4, 11, 0;
    %flag_set/imm 4, 0;
    %load/vec4a v000001e171b6c400, 4;
    %ix/load 4, 10, 0;
    %flag_set/imm 4, 0;
    %load/vec4a v000001e171b6c400, 4;
    %concat/vec4; draw_concat_vec4
    %ix/load 4, 9, 0;
    %flag_set/imm 4, 0;
    %load/vec4a v000001e171b6c400, 4;
    %concat/vec4; draw_concat_vec4
    %ix/load 4, 8, 0;
    %flag_set/imm 4, 0;
    %load/vec4a v000001e171b6c400, 4;
    %concat/vec4; draw_concat_vec4
    %store/vec4 v000001e171b6c360_0, 0, 32;
    %jmp T_2.4;
T_2.3 ;
    %ix/load 4, 15, 0;
    %flag_set/imm 4, 0;
    %load/vec4a v000001e171b6c400, 4;
    %ix/load 4, 14, 0;
    %flag_set/imm 4, 0;
    %load/vec4a v000001e171b6c400, 4;
    %concat/vec4; draw_concat_vec4
    %ix/load 4, 13, 0;
    %flag_set/imm 4, 0;
    %load/vec4a v000001e171b6c400, 4;
    %concat/vec4; draw_concat_vec4
    %ix/load 4, 12, 0;
    %flag_set/imm 4, 0;
    %load/vec4a v000001e171b6c400, 4;
    %concat/vec4; draw_concat_vec4
    %store/vec4 v000001e171b6c360_0, 0, 32;
    %jmp T_2.4;
T_2.4 ;
    %pop/vec4 1;
    %jmp T_2;
    .thread T_2, $push;
    .scope S_000001e171b5d190;
T_3 ;
    %pushi/vec4 0, 0, 1;
    %store/vec4 v000001e171b63fd0_0, 0, 1;
    %end;
    .thread T_3;
    .scope S_000001e171b5d190;
T_4 ;
    %delay 10, 0;
    %load/vec4 v000001e171b63fd0_0;
    %inv;
    %store/vec4 v000001e171b63fd0_0, 0, 1;
    %jmp T_4;
    .thread T_4;
    .scope S_000001e171b5d190;
T_5 ;
    %pushi/vec4 1, 0, 1;
    %store/vec4 v000001e171b64bb0_0, 0, 1;
    %delay 15, 0;
    %pushi/vec4 0, 0, 1;
    %store/vec4 v000001e171b64bb0_0, 0, 1;
    %delay 15, 0;
    %pushi/vec4 0, 0, 1;
    %store/vec4 v000001e171b64bb0_0, 0, 1;
    %delay 15, 0;
    %pushi/vec4 0, 0, 1;
    %store/vec4 v000001e171b64bb0_0, 0, 1;
    %delay 15, 0;
    %pushi/vec4 0, 0, 1;
    %store/vec4 v000001e171b64bb0_0, 0, 1;
    %vpi_call 2 22 "$finish" {0 0 0};
    %end;
    .thread T_5;
    .scope S_000001e171b5d190;
T_6 ;
    %vpi_call 2 26 "$dumpfile", "Inst_Fetch.vcd" {0 0 0};
    %vpi_call 2 27 "$dumpvars" {0 0 0};
    %end;
    .thread T_6;
# The file index is used to find the file name in the following table.
:file_names 7;
    "N/A";
    "<interactive>";
    "Instr_Fetch_tb.v";
    "./Instruction_Fetch.v";
    "./Adder.v";
    "./Instruction_Memory.v";
    "./Program_Counter.v";
