#! /c/Source/iverilog-install/bin/vvp
:ivl_version "12.0 (devel)" "(s20150603-1110-g18392a46)";
:ivl_delay_selection "TYPICAL";
:vpi_time_precision + 0;
:vpi_module "C:\iverilog\lib\ivl\system.vpi";
:vpi_module "C:\iverilog\lib\ivl\vhdl_sys.vpi";
:vpi_module "C:\iverilog\lib\ivl\vhdl_textio.vpi";
:vpi_module "C:\iverilog\lib\ivl\v2005_math.vpi";
:vpi_module "C:\iverilog\lib\ivl\va_math.vpi";
S_000002021819afe0 .scope module, "Data_Memory_tb" "Data_Memory_tb" 2 3;
 .timescale 0 0;
v0000020218152de0_0 .var "Mem_Addr", 63 0;
v0000020218152e80_0 .var "clk", 0 0;
v0000020218152f20_0 .var "memRead", 0 0;
v0000020218152fc0_0 .var "memWrite", 0 0;
v0000020218153060_0 .net "readData", 63 0, v00000202181945d0_0;  1 drivers
v0000020218184c10_0 .var "writeData", 63 0;
S_0000020218194260 .scope module, "d1" "Data_Memory" 2 8, 3 2 0, S_000002021819afe0;
 .timescale 0 0;
    .port_info 0 /INPUT 64 "Mem_Addr";
    .port_info 1 /INPUT 64 "WriteData";
    .port_info 2 /INPUT 1 "clk";
    .port_info 3 /INPUT 1 "MemWrite";
    .port_info 4 /INPUT 1 "MemRead";
    .port_info 5 /OUTPUT 64 "Read_Data";
v00000202181943f0_0 .net "MemRead", 0 0, v0000020218152f20_0;  1 drivers
v0000020218194490_0 .net "MemWrite", 0 0, v0000020218152fc0_0;  1 drivers
v0000020218194530_0 .net "Mem_Addr", 63 0, v0000020218152de0_0;  1 drivers
v00000202181945d0_0 .var "Read_Data", 63 0;
v0000020218194670_0 .net "WriteData", 63 0, v0000020218184c10_0;  1 drivers
v0000020218152ca0_0 .net "clk", 0 0, v0000020218152e80_0;  1 drivers
v0000020218152d40 .array "data_mem", 0 63, 7 0;
E_000002021817b860 .event anyedge, v00000202181943f0_0, v0000020218194530_0;
E_000002021817af60 .event posedge, v0000020218152ca0_0;
    .scope S_0000020218194260;
T_0 ;
    %pushi/vec4 0, 0, 8;
    %ix/load 4, 0, 0;
    %flag_set/imm 4, 0;
    %store/vec4a v0000020218152d40, 4, 0;
    %pushi/vec4 1, 0, 8;
    %ix/load 4, 1, 0;
    %flag_set/imm 4, 0;
    %store/vec4a v0000020218152d40, 4, 0;
    %pushi/vec4 2, 0, 8;
    %ix/load 4, 2, 0;
    %flag_set/imm 4, 0;
    %store/vec4a v0000020218152d40, 4, 0;
    %pushi/vec4 3, 0, 8;
    %ix/load 4, 3, 0;
    %flag_set/imm 4, 0;
    %store/vec4a v0000020218152d40, 4, 0;
    %pushi/vec4 4, 0, 8;
    %ix/load 4, 4, 0;
    %flag_set/imm 4, 0;
    %store/vec4a v0000020218152d40, 4, 0;
    %pushi/vec4 5, 0, 8;
    %ix/load 4, 5, 0;
    %flag_set/imm 4, 0;
    %store/vec4a v0000020218152d40, 4, 0;
    %pushi/vec4 6, 0, 8;
    %ix/load 4, 6, 0;
    %flag_set/imm 4, 0;
    %store/vec4a v0000020218152d40, 4, 0;
    %pushi/vec4 7, 0, 8;
    %ix/load 4, 7, 0;
    %flag_set/imm 4, 0;
    %store/vec4a v0000020218152d40, 4, 0;
    %pushi/vec4 8, 0, 8;
    %ix/load 4, 8, 0;
    %flag_set/imm 4, 0;
    %store/vec4a v0000020218152d40, 4, 0;
    %pushi/vec4 9, 0, 8;
    %ix/load 4, 9, 0;
    %flag_set/imm 4, 0;
    %store/vec4a v0000020218152d40, 4, 0;
    %pushi/vec4 10, 0, 8;
    %ix/load 4, 10, 0;
    %flag_set/imm 4, 0;
    %store/vec4a v0000020218152d40, 4, 0;
    %pushi/vec4 11, 0, 8;
    %ix/load 4, 11, 0;
    %flag_set/imm 4, 0;
    %store/vec4a v0000020218152d40, 4, 0;
    %pushi/vec4 12, 0, 8;
    %ix/load 4, 12, 0;
    %flag_set/imm 4, 0;
    %store/vec4a v0000020218152d40, 4, 0;
    %pushi/vec4 13, 0, 8;
    %ix/load 4, 13, 0;
    %flag_set/imm 4, 0;
    %store/vec4a v0000020218152d40, 4, 0;
    %pushi/vec4 14, 0, 8;
    %ix/load 4, 14, 0;
    %flag_set/imm 4, 0;
    %store/vec4a v0000020218152d40, 4, 0;
    %pushi/vec4 15, 0, 8;
    %ix/load 4, 15, 0;
    %flag_set/imm 4, 0;
    %store/vec4a v0000020218152d40, 4, 0;
    %pushi/vec4 16, 0, 8;
    %ix/load 4, 16, 0;
    %flag_set/imm 4, 0;
    %store/vec4a v0000020218152d40, 4, 0;
    %pushi/vec4 17, 0, 8;
    %ix/load 4, 17, 0;
    %flag_set/imm 4, 0;
    %store/vec4a v0000020218152d40, 4, 0;
    %pushi/vec4 18, 0, 8;
    %ix/load 4, 18, 0;
    %flag_set/imm 4, 0;
    %store/vec4a v0000020218152d40, 4, 0;
    %pushi/vec4 19, 0, 8;
    %ix/load 4, 19, 0;
    %flag_set/imm 4, 0;
    %store/vec4a v0000020218152d40, 4, 0;
    %pushi/vec4 20, 0, 8;
    %ix/load 4, 20, 0;
    %flag_set/imm 4, 0;
    %store/vec4a v0000020218152d40, 4, 0;
    %pushi/vec4 21, 0, 8;
    %ix/load 4, 21, 0;
    %flag_set/imm 4, 0;
    %store/vec4a v0000020218152d40, 4, 0;
    %pushi/vec4 22, 0, 8;
    %ix/load 4, 22, 0;
    %flag_set/imm 4, 0;
    %store/vec4a v0000020218152d40, 4, 0;
    %pushi/vec4 23, 0, 8;
    %ix/load 4, 23, 0;
    %flag_set/imm 4, 0;
    %store/vec4a v0000020218152d40, 4, 0;
    %pushi/vec4 24, 0, 8;
    %ix/load 4, 24, 0;
    %flag_set/imm 4, 0;
    %store/vec4a v0000020218152d40, 4, 0;
    %pushi/vec4 25, 0, 8;
    %ix/load 4, 25, 0;
    %flag_set/imm 4, 0;
    %store/vec4a v0000020218152d40, 4, 0;
    %pushi/vec4 26, 0, 8;
    %ix/load 4, 26, 0;
    %flag_set/imm 4, 0;
    %store/vec4a v0000020218152d40, 4, 0;
    %pushi/vec4 27, 0, 8;
    %ix/load 4, 27, 0;
    %flag_set/imm 4, 0;
    %store/vec4a v0000020218152d40, 4, 0;
    %pushi/vec4 28, 0, 8;
    %ix/load 4, 28, 0;
    %flag_set/imm 4, 0;
    %store/vec4a v0000020218152d40, 4, 0;
    %pushi/vec4 29, 0, 8;
    %ix/load 4, 29, 0;
    %flag_set/imm 4, 0;
    %store/vec4a v0000020218152d40, 4, 0;
    %pushi/vec4 30, 0, 8;
    %ix/load 4, 30, 0;
    %flag_set/imm 4, 0;
    %store/vec4a v0000020218152d40, 4, 0;
    %pushi/vec4 31, 0, 8;
    %ix/load 4, 31, 0;
    %flag_set/imm 4, 0;
    %store/vec4a v0000020218152d40, 4, 0;
    %pushi/vec4 32, 0, 8;
    %ix/load 4, 32, 0;
    %flag_set/imm 4, 0;
    %store/vec4a v0000020218152d40, 4, 0;
    %pushi/vec4 33, 0, 8;
    %ix/load 4, 33, 0;
    %flag_set/imm 4, 0;
    %store/vec4a v0000020218152d40, 4, 0;
    %pushi/vec4 34, 0, 8;
    %ix/load 4, 34, 0;
    %flag_set/imm 4, 0;
    %store/vec4a v0000020218152d40, 4, 0;
    %pushi/vec4 35, 0, 8;
    %ix/load 4, 35, 0;
    %flag_set/imm 4, 0;
    %store/vec4a v0000020218152d40, 4, 0;
    %pushi/vec4 36, 0, 8;
    %ix/load 4, 36, 0;
    %flag_set/imm 4, 0;
    %store/vec4a v0000020218152d40, 4, 0;
    %pushi/vec4 37, 0, 8;
    %ix/load 4, 37, 0;
    %flag_set/imm 4, 0;
    %store/vec4a v0000020218152d40, 4, 0;
    %pushi/vec4 38, 0, 8;
    %ix/load 4, 38, 0;
    %flag_set/imm 4, 0;
    %store/vec4a v0000020218152d40, 4, 0;
    %pushi/vec4 39, 0, 8;
    %ix/load 4, 39, 0;
    %flag_set/imm 4, 0;
    %store/vec4a v0000020218152d40, 4, 0;
    %pushi/vec4 40, 0, 8;
    %ix/load 4, 40, 0;
    %flag_set/imm 4, 0;
    %store/vec4a v0000020218152d40, 4, 0;
    %pushi/vec4 41, 0, 8;
    %ix/load 4, 41, 0;
    %flag_set/imm 4, 0;
    %store/vec4a v0000020218152d40, 4, 0;
    %pushi/vec4 42, 0, 8;
    %ix/load 4, 42, 0;
    %flag_set/imm 4, 0;
    %store/vec4a v0000020218152d40, 4, 0;
    %pushi/vec4 43, 0, 8;
    %ix/load 4, 43, 0;
    %flag_set/imm 4, 0;
    %store/vec4a v0000020218152d40, 4, 0;
    %pushi/vec4 44, 0, 8;
    %ix/load 4, 44, 0;
    %flag_set/imm 4, 0;
    %store/vec4a v0000020218152d40, 4, 0;
    %pushi/vec4 45, 0, 8;
    %ix/load 4, 45, 0;
    %flag_set/imm 4, 0;
    %store/vec4a v0000020218152d40, 4, 0;
    %pushi/vec4 46, 0, 8;
    %ix/load 4, 46, 0;
    %flag_set/imm 4, 0;
    %store/vec4a v0000020218152d40, 4, 0;
    %pushi/vec4 47, 0, 8;
    %ix/load 4, 47, 0;
    %flag_set/imm 4, 0;
    %store/vec4a v0000020218152d40, 4, 0;
    %pushi/vec4 48, 0, 8;
    %ix/load 4, 48, 0;
    %flag_set/imm 4, 0;
    %store/vec4a v0000020218152d40, 4, 0;
    %pushi/vec4 49, 0, 8;
    %ix/load 4, 49, 0;
    %flag_set/imm 4, 0;
    %store/vec4a v0000020218152d40, 4, 0;
    %pushi/vec4 50, 0, 8;
    %ix/load 4, 50, 0;
    %flag_set/imm 4, 0;
    %store/vec4a v0000020218152d40, 4, 0;
    %pushi/vec4 51, 0, 8;
    %ix/load 4, 51, 0;
    %flag_set/imm 4, 0;
    %store/vec4a v0000020218152d40, 4, 0;
    %pushi/vec4 52, 0, 8;
    %ix/load 4, 52, 0;
    %flag_set/imm 4, 0;
    %store/vec4a v0000020218152d40, 4, 0;
    %pushi/vec4 53, 0, 8;
    %ix/load 4, 53, 0;
    %flag_set/imm 4, 0;
    %store/vec4a v0000020218152d40, 4, 0;
    %pushi/vec4 54, 0, 8;
    %ix/load 4, 54, 0;
    %flag_set/imm 4, 0;
    %store/vec4a v0000020218152d40, 4, 0;
    %pushi/vec4 55, 0, 8;
    %ix/load 4, 55, 0;
    %flag_set/imm 4, 0;
    %store/vec4a v0000020218152d40, 4, 0;
    %pushi/vec4 56, 0, 8;
    %ix/load 4, 56, 0;
    %flag_set/imm 4, 0;
    %store/vec4a v0000020218152d40, 4, 0;
    %pushi/vec4 57, 0, 8;
    %ix/load 4, 57, 0;
    %flag_set/imm 4, 0;
    %store/vec4a v0000020218152d40, 4, 0;
    %pushi/vec4 58, 0, 8;
    %ix/load 4, 58, 0;
    %flag_set/imm 4, 0;
    %store/vec4a v0000020218152d40, 4, 0;
    %pushi/vec4 59, 0, 8;
    %ix/load 4, 59, 0;
    %flag_set/imm 4, 0;
    %store/vec4a v0000020218152d40, 4, 0;
    %pushi/vec4 60, 0, 8;
    %ix/load 4, 60, 0;
    %flag_set/imm 4, 0;
    %store/vec4a v0000020218152d40, 4, 0;
    %pushi/vec4 61, 0, 8;
    %ix/load 4, 61, 0;
    %flag_set/imm 4, 0;
    %store/vec4a v0000020218152d40, 4, 0;
    %pushi/vec4 62, 0, 8;
    %ix/load 4, 62, 0;
    %flag_set/imm 4, 0;
    %store/vec4a v0000020218152d40, 4, 0;
    %pushi/vec4 63, 0, 8;
    %ix/load 4, 63, 0;
    %flag_set/imm 4, 0;
    %store/vec4a v0000020218152d40, 4, 0;
    %end;
    .thread T_0;
    .scope S_0000020218194260;
T_1 ;
    %wait E_000002021817af60;
    %load/vec4 v0000020218194490_0;
    %cmpi/e 1, 0, 1;
    %jmp/0xz  T_1.0, 4;
    %load/vec4 v0000020218194670_0;
    %parti/s 8, 56, 7;
    %load/vec4 v0000020218194530_0;
    %pad/u 65;
    %addi 7, 0, 65;
    %ix/vec4 4;
    %store/vec4a v0000020218152d40, 4, 0;
    %load/vec4 v0000020218194670_0;
    %parti/s 8, 48, 7;
    %load/vec4 v0000020218194530_0;
    %pad/u 65;
    %addi 6, 0, 65;
    %ix/vec4 4;
    %store/vec4a v0000020218152d40, 4, 0;
    %load/vec4 v0000020218194670_0;
    %parti/s 8, 40, 7;
    %load/vec4 v0000020218194530_0;
    %pad/u 65;
    %addi 5, 0, 65;
    %ix/vec4 4;
    %store/vec4a v0000020218152d40, 4, 0;
    %load/vec4 v0000020218194670_0;
    %parti/s 8, 32, 7;
    %load/vec4 v0000020218194530_0;
    %pad/u 65;
    %addi 4, 0, 65;
    %ix/vec4 4;
    %store/vec4a v0000020218152d40, 4, 0;
    %load/vec4 v0000020218194670_0;
    %parti/s 8, 24, 6;
    %load/vec4 v0000020218194530_0;
    %pad/u 65;
    %addi 3, 0, 65;
    %ix/vec4 4;
    %store/vec4a v0000020218152d40, 4, 0;
    %load/vec4 v0000020218194670_0;
    %parti/s 8, 16, 6;
    %load/vec4 v0000020218194530_0;
    %pad/u 65;
    %addi 2, 0, 65;
    %ix/vec4 4;
    %store/vec4a v0000020218152d40, 4, 0;
    %load/vec4 v0000020218194670_0;
    %parti/s 8, 8, 5;
    %load/vec4 v0000020218194530_0;
    %pad/u 65;
    %addi 1, 0, 65;
    %ix/vec4 4;
    %store/vec4a v0000020218152d40, 4, 0;
    %load/vec4 v0000020218194670_0;
    %parti/s 8, 0, 2;
    %ix/getv 4, v0000020218194530_0;
    %store/vec4a v0000020218152d40, 4, 0;
T_1.0 ;
    %jmp T_1;
    .thread T_1;
    .scope S_0000020218194260;
T_2 ;
    %wait E_000002021817b860;
    %load/vec4 v00000202181943f0_0;
    %cmpi/e 1, 0, 1;
    %jmp/0xz  T_2.0, 4;
    %load/vec4 v0000020218194530_0;
    %pad/u 65;
    %addi 7, 0, 65;
    %ix/vec4 4;
    %load/vec4a v0000020218152d40, 4;
    %load/vec4 v0000020218194530_0;
    %pad/u 65;
    %addi 6, 0, 65;
    %ix/vec4 4;
    %load/vec4a v0000020218152d40, 4;
    %concat/vec4; draw_concat_vec4
    %load/vec4 v0000020218194530_0;
    %pad/u 65;
    %addi 5, 0, 65;
    %ix/vec4 4;
    %load/vec4a v0000020218152d40, 4;
    %concat/vec4; draw_concat_vec4
    %load/vec4 v0000020218194530_0;
    %pad/u 65;
    %addi 4, 0, 65;
    %ix/vec4 4;
    %load/vec4a v0000020218152d40, 4;
    %concat/vec4; draw_concat_vec4
    %load/vec4 v0000020218194530_0;
    %pad/u 65;
    %addi 2, 0, 65;
    %ix/vec4 4;
    %load/vec4a v0000020218152d40, 4;
    %concat/vec4; draw_concat_vec4
    %load/vec4 v0000020218194530_0;
    %pad/u 65;
    %addi 1, 0, 65;
    %ix/vec4 4;
    %load/vec4a v0000020218152d40, 4;
    %concat/vec4; draw_concat_vec4
    %load/vec4 v0000020218194530_0;
    %pad/u 65;
    %addi 0, 0, 65;
    %ix/vec4 4;
    %load/vec4a v0000020218152d40, 4;
    %concat/vec4; draw_concat_vec4
    %pad/u 64;
    %assign/vec4 v00000202181945d0_0, 0;
T_2.0 ;
    %jmp T_2;
    .thread T_2, $push;
    .scope S_000002021819afe0;
T_3 ;
    %pushi/vec4 0, 0, 1;
    %store/vec4 v0000020218152e80_0, 0, 1;
    %end;
    .thread T_3;
    .scope S_000002021819afe0;
T_4 ;
    %delay 20, 0;
    %load/vec4 v0000020218152e80_0;
    %inv;
    %store/vec4 v0000020218152e80_0, 0, 1;
    %jmp T_4;
    .thread T_4;
    .scope S_000002021819afe0;
T_5 ;
    %pushi/vec4 1, 0, 1;
    %store/vec4 v0000020218152fc0_0, 0, 1;
    %pushi/vec4 1, 0, 1;
    %store/vec4 v0000020218152f20_0, 0, 1;
    %pushi/vec4 10, 0, 64;
    %store/vec4 v0000020218152de0_0, 0, 64;
    %pushi/vec4 20, 0, 64;
    %store/vec4 v0000020218184c10_0, 0, 64;
    %delay 15, 0;
    %pushi/vec4 5, 0, 64;
    %store/vec4 v0000020218152de0_0, 0, 64;
    %pushi/vec4 20, 0, 64;
    %store/vec4 v0000020218184c10_0, 0, 64;
    %delay 15, 0;
    %pushi/vec4 10, 0, 64;
    %store/vec4 v0000020218152de0_0, 0, 64;
    %pushi/vec4 30, 0, 64;
    %store/vec4 v0000020218184c10_0, 0, 64;
    %delay 15, 0;
    %pushi/vec4 10, 0, 64;
    %store/vec4 v0000020218152de0_0, 0, 64;
    %pushi/vec4 40, 0, 64;
    %store/vec4 v0000020218184c10_0, 0, 64;
    %vpi_call 2 23 "$finish" {0 0 0};
    %end;
    .thread T_5;
    .scope S_000002021819afe0;
T_6 ;
    %vpi_call 2 27 "$dumpfile", "Data_Memory.vcd" {0 0 0};
    %vpi_call 2 28 "$dumpvars" {0 0 0};
    %end;
    .thread T_6;
# The file index is used to find the file name in the following table.
:file_names 4;
    "N/A";
    "<interactive>";
    "Data_Memory_tb.v";
    "./Data_Memory.v";
