#! /c/Source/iverilog-install/bin/vvp
:ivl_version "12.0 (devel)" "(s20150603-1110-g18392a46)";
:ivl_delay_selection "TYPICAL";
:vpi_time_precision + 0;
:vpi_module "C:\iverilog\lib\ivl\system.vpi";
:vpi_module "C:\iverilog\lib\ivl\vhdl_sys.vpi";
:vpi_module "C:\iverilog\lib\ivl\vhdl_textio.vpi";
:vpi_module "C:\iverilog\lib\ivl\v2005_math.vpi";
:vpi_module "C:\iverilog\lib\ivl\va_math.vpi";
S_0000025908852ca0 .scope module, "MUX" "MUX" 2 1;
 .timescale 0 0;
    .port_info 0 /INPUT 64 "A";
    .port_info 1 /INPUT 64 "B";
    .port_info 2 /OUTPUT 64 "O";
    .port_info 3 /INPUT 1 "S";
o0000025908886f68 .functor BUFZ 1, C4<z>; HiZ drive
L_00000259088cbf48 .functor BUFT 1, C4<1>, C4<0>, C4<0>, C4<0>;
L_00000259088533a0 .functor XNOR 1, o0000025908886f68, L_00000259088cbf48, C4<0>, C4<0>;
o0000025908886ed8 .functor BUFZ 64, C4<zzzzzzzzzzzzzzzzzzzzzzzzzzzzzzzzzzzzzzzzzzzzzzzzzzzzzzzzzzzzzzzz>; HiZ drive
v00000259088536f0_0 .net "A", 63 0, o0000025908886ed8;  0 drivers
o0000025908886f08 .functor BUFZ 64, C4<zzzzzzzzzzzzzzzzzzzzzzzzzzzzzzzzzzzzzzzzzzzzzzzzzzzzzzzzzzzzzzzz>; HiZ drive
v0000025908852e30_0 .net "B", 63 0, o0000025908886f08;  0 drivers
v0000025908852ed0_0 .net "O", 63 0, L_00000259089be3f0;  1 drivers
v0000025908852f70_0 .net "S", 0 0, o0000025908886f68;  0 drivers
v0000025908853010_0 .net/2u *"_ivl_0", 0 0, L_00000259088cbf48;  1 drivers
v00000259088530b0_0 .net *"_ivl_2", 0 0, L_00000259088533a0;  1 drivers
L_00000259089be3f0 .functor MUXZ 64, o0000025908886f08, o0000025908886ed8, L_00000259088533a0, C4<>;
# The file index is used to find the file name in the following table.
:file_names 3;
    "N/A";
    "<interactive>";
    "MUX.v";
