#! /c/Source/iverilog-install/bin/vvp
:ivl_version "12.0 (devel)" "(s20150603-1110-g18392a46)";
:ivl_delay_selection "TYPICAL";
:vpi_time_precision + 0;
:vpi_module "C:\iverilog\lib\ivl\system.vpi";
:vpi_module "C:\iverilog\lib\ivl\vhdl_sys.vpi";
:vpi_module "C:\iverilog\lib\ivl\vhdl_textio.vpi";
:vpi_module "C:\iverilog\lib\ivl\v2005_math.vpi";
:vpi_module "C:\iverilog\lib\ivl\va_math.vpi";
S_0000026524604e60 .scope module, "RISC_V_Processor" "RISC_V_Processor" 2 15;
 .timescale 0 0;
    .port_info 0 /INPUT 1 "clk";
    .port_info 1 /INPUT 1 "reset";
L_0000026524636540 .functor AND 1, v00000265247ce100_0, v00000265246606a0_0, C4<1>, C4<1>;
v00000265247d0610_0 .net "ALUOp", 1 0, v00000265247ce060_0;  1 drivers
v00000265247d1790_0 .net "ALUSrc", 0 0, v00000265247cfe60_0;  1 drivers
v00000265247d16f0_0 .net "ALUresult", 63 0, v000002652465f160_0;  1 drivers
v00000265247d11f0_0 .net "Adder1Out", 63 0, L_00000265247d0250;  1 drivers
v00000265247d0e30_0 .net "Adder2Out", 63 0, L_000002652482bea0;  1 drivers
v00000265247d1650_0 .net "Branch", 0 0, v00000265247ce100_0;  1 drivers
o0000026524672ce8 .functor BUFZ 4, C4<zzzz>; HiZ drive
v00000265247d1330_0 .net "Funct", 3 0, o0000026524672ce8;  0 drivers
v00000265247d04d0_0 .net "MemRead", 0 0, v00000265247cfd20_0;  1 drivers
v00000265247d0890_0 .net "MemWrite", 0 0, v00000265247ce7e0_0;  1 drivers
v00000265247d1a10_0 .net "MemtoReg", 0 0, v00000265247cf640_0;  1 drivers
v00000265247d0d90_0 .net "MuxALUOut", 63 0, L_000002652482a320;  1 drivers
v00000265247d0070_0 .net "MuxBranchOut", 63 0, L_00000265247d02f0;  1 drivers
v00000265247d1970_0 .net "MuxMemOut", 63 0, L_000002652482b540;  1 drivers
v00000265247d1010_0 .net "Opcode", 6 0, L_00000265247d0390;  1 drivers
v00000265247d0c50_0 .net "Operation", 3 0, v00000265247cf960_0;  1 drivers
v00000265247d15b0_0 .var "PC_In", 63 0;
v00000265247d10b0_0 .net "PC_Out", 63 0, v00000265247ce740_0;  1 drivers
v00000265247d1d30_0 .net "ReadData1", 63 0, v00000265247d1ab0_0;  1 drivers
v00000265247d1f10_0 .net "ReadData2", 63 0, v00000265247d0f70_0;  1 drivers
v00000265247d1c90_0 .net "ReadDataMem", 63 0, v000002652465fd40_0;  1 drivers
v00000265247d0930_0 .net "RegWrite", 0 0, v00000265247ce6a0_0;  1 drivers
o0000026524673888 .functor BUFZ 64, C4<zzzzzzzzzzzzzzzzzzzzzzzzzzzzzzzzzzzzzzzzzzzzzzzzzzzzzzzzzzzzzzzz>; HiZ drive
v00000265247d1830_0 .net "WriteData", 63 0, o0000026524673888;  0 drivers
v00000265247d13d0_0 .net "Zero", 0 0, v00000265246606a0_0;  1 drivers
v00000265247d1bf0_0 .net *"_ivl_6", 62 0, L_000002652482aaa0;  1 drivers
L_00000265247d21a0 .functor BUFT 1, C4<0>, C4<0>, C4<0>, C4<0>;
v00000265247d1470_0 .net *"_ivl_8", 0 0, L_00000265247d21a0;  1 drivers
o0000026524672448 .functor BUFZ 1, C4<z>; HiZ drive
v00000265247d0bb0_0 .net "clk", 0 0, o0000026524672448;  0 drivers
v00000265247d09d0_0 .net "funct3", 2 0, L_00000265247d07f0;  1 drivers
v00000265247d0cf0_0 .net "funct7", 6 0, L_000002652482a500;  1 drivers
v00000265247d0570_0 .net "imm_data", 63 0, L_000002652482a960;  1 drivers
v00000265247d1150_0 .net "instruction", 31 0, v00000265247cf000_0;  1 drivers
v00000265247d06b0_0 .net "rd", 4 0, L_00000265247d0750;  1 drivers
o0000026524672bc8 .functor BUFZ 1, C4<z>; HiZ drive
v00000265247d0110_0 .net "reset", 0 0, o0000026524672bc8;  0 drivers
v00000265247d1dd0_0 .net "rs1", 4 0, L_000002652482bb80;  1 drivers
v00000265247d01b0_0 .net "rs2", 4 0, L_000002652482b360;  1 drivers
L_000002652482aaa0 .part L_000002652482a960, 0, 63;
L_000002652482bc20 .concat [ 1 63 0 0], L_00000265247d21a0, L_000002652482aaa0;
S_0000026524604ff0 .scope module, "ALU64" "ALU_64_bit" 2 51, 3 1 0, S_0000026524604e60;
 .timescale 0 0;
    .port_info 0 /INPUT 64 "A";
    .port_info 1 /INPUT 64 "B";
    .port_info 2 /INPUT 4 "ALUOp";
    .port_info 3 /OUTPUT 64 "O";
    .port_info 4 /OUTPUT 1 "Zero";
v0000026524660060_0 .net "A", 63 0, v00000265247d1ab0_0;  alias, 1 drivers
v000002652465ff20_0 .net "ALUOp", 3 0, v00000265247cf960_0;  alias, 1 drivers
v0000026524660920_0 .net "B", 63 0, L_000002652482a320;  alias, 1 drivers
v000002652465f160_0 .var "O", 63 0;
v00000265246606a0_0 .var "Zero", 0 0;
E_000002652466a0d0 .event anyedge, v000002652465ff20_0, v0000026524660060_0, v0000026524660920_0, v000002652465f160_0;
S_0000026524605180 .scope module, "DMem" "Data_Memory" 2 55, 4 2 0, S_0000026524604e60;
 .timescale 0 0;
    .port_info 0 /INPUT 64 "Mem_Addr";
    .port_info 1 /INPUT 64 "WriteData";
    .port_info 2 /INPUT 1 "clk";
    .port_info 3 /INPUT 1 "MemWrite";
    .port_info 4 /INPUT 1 "MemRead";
    .port_info 5 /OUTPUT 64 "Read_Data";
v000002652465fca0_0 .net "MemRead", 0 0, v00000265247cfd20_0;  alias, 1 drivers
v000002652465ffc0_0 .net "MemWrite", 0 0, v00000265247ce7e0_0;  alias, 1 drivers
v0000026524660a60_0 .net "Mem_Addr", 63 0, v000002652465f160_0;  alias, 1 drivers
v000002652465fd40_0 .var "Read_Data", 63 0;
v000002652465fa20_0 .net "WriteData", 63 0, v00000265247d0f70_0;  alias, 1 drivers
v000002652465fac0_0 .net "clk", 0 0, o0000026524672448;  alias, 0 drivers
v0000026524660100 .array "data_mem", 0 63, 7 0;
E_0000026524669dd0 .event anyedge, v000002652465fca0_0, v000002652465f160_0;
E_0000026524669c10 .event posedge, v000002652465fac0_0;
S_00000265245ff0f0 .scope module, "Igen" "immediate_generator" 2 43, 5 3 0, S_0000026524604e60;
 .timescale 0 0;
    .port_info 0 /INPUT 32 "instruction";
    .port_info 1 /OUTPUT 64 "immed_value";
v0000026524660c40_0 .net *"_ivl_1", 0 0, L_000002652482a1e0;  1 drivers
v00000265246609c0_0 .net *"_ivl_10", 51 0, L_000002652482a0a0;  1 drivers
v0000026524660ba0_0 .net *"_ivl_13", 6 0, L_000002652482b220;  1 drivers
v0000026524660560_0 .net *"_ivl_15", 4 0, L_000002652482b7c0;  1 drivers
v00000265246601a0_0 .net *"_ivl_19", 0 0, L_000002652482a5a0;  1 drivers
v0000026524660240_0 .net *"_ivl_2", 51 0, L_000002652482a460;  1 drivers
v000002652465f660_0 .net *"_ivl_20", 51 0, L_000002652482b0e0;  1 drivers
v0000026524660ce0_0 .net *"_ivl_23", 0 0, L_000002652482be00;  1 drivers
v0000026524660d80_0 .net *"_ivl_25", 0 0, L_000002652482ae60;  1 drivers
v0000026524660f60_0 .net *"_ivl_27", 5 0, L_000002652482a140;  1 drivers
v0000026524661000_0 .net *"_ivl_29", 3 0, L_000002652482a6e0;  1 drivers
v000002652465f200_0 .net *"_ivl_5", 11 0, L_000002652482b680;  1 drivers
v000002652465f2a0_0 .net *"_ivl_9", 0 0, L_000002652482bd60;  1 drivers
v000002652464ba20_0 .net "immed_value", 63 0, L_000002652482a960;  alias, 1 drivers
v00000265247cec40_0 .net "instruction", 31 0, v00000265247cf000_0;  alias, 1 drivers
L_000002652482a1e0 .part v00000265247cf000_0, 31, 1;
LS_000002652482a460_0_0 .concat [ 1 1 1 1], L_000002652482a1e0, L_000002652482a1e0, L_000002652482a1e0, L_000002652482a1e0;
LS_000002652482a460_0_4 .concat [ 1 1 1 1], L_000002652482a1e0, L_000002652482a1e0, L_000002652482a1e0, L_000002652482a1e0;
LS_000002652482a460_0_8 .concat [ 1 1 1 1], L_000002652482a1e0, L_000002652482a1e0, L_000002652482a1e0, L_000002652482a1e0;
LS_000002652482a460_0_12 .concat [ 1 1 1 1], L_000002652482a1e0, L_000002652482a1e0, L_000002652482a1e0, L_000002652482a1e0;
LS_000002652482a460_0_16 .concat [ 1 1 1 1], L_000002652482a1e0, L_000002652482a1e0, L_000002652482a1e0, L_000002652482a1e0;
LS_000002652482a460_0_20 .concat [ 1 1 1 1], L_000002652482a1e0, L_000002652482a1e0, L_000002652482a1e0, L_000002652482a1e0;
LS_000002652482a460_0_24 .concat [ 1 1 1 1], L_000002652482a1e0, L_000002652482a1e0, L_000002652482a1e0, L_000002652482a1e0;
LS_000002652482a460_0_28 .concat [ 1 1 1 1], L_000002652482a1e0, L_000002652482a1e0, L_000002652482a1e0, L_000002652482a1e0;
LS_000002652482a460_0_32 .concat [ 1 1 1 1], L_000002652482a1e0, L_000002652482a1e0, L_000002652482a1e0, L_000002652482a1e0;
LS_000002652482a460_0_36 .concat [ 1 1 1 1], L_000002652482a1e0, L_000002652482a1e0, L_000002652482a1e0, L_000002652482a1e0;
LS_000002652482a460_0_40 .concat [ 1 1 1 1], L_000002652482a1e0, L_000002652482a1e0, L_000002652482a1e0, L_000002652482a1e0;
LS_000002652482a460_0_44 .concat [ 1 1 1 1], L_000002652482a1e0, L_000002652482a1e0, L_000002652482a1e0, L_000002652482a1e0;
LS_000002652482a460_0_48 .concat [ 1 1 1 1], L_000002652482a1e0, L_000002652482a1e0, L_000002652482a1e0, L_000002652482a1e0;
LS_000002652482a460_1_0 .concat [ 4 4 4 4], LS_000002652482a460_0_0, LS_000002652482a460_0_4, LS_000002652482a460_0_8, LS_000002652482a460_0_12;
LS_000002652482a460_1_4 .concat [ 4 4 4 4], LS_000002652482a460_0_16, LS_000002652482a460_0_20, LS_000002652482a460_0_24, LS_000002652482a460_0_28;
LS_000002652482a460_1_8 .concat [ 4 4 4 4], LS_000002652482a460_0_32, LS_000002652482a460_0_36, LS_000002652482a460_0_40, LS_000002652482a460_0_44;
LS_000002652482a460_1_12 .concat [ 4 0 0 0], LS_000002652482a460_0_48;
L_000002652482a460 .concat [ 16 16 16 4], LS_000002652482a460_1_0, LS_000002652482a460_1_4, LS_000002652482a460_1_8, LS_000002652482a460_1_12;
L_000002652482b680 .part v00000265247cf000_0, 20, 12;
L_000002652482b2c0 .concat [ 12 52 0 0], L_000002652482b680, L_000002652482a460;
L_000002652482bd60 .part v00000265247cf000_0, 31, 1;
LS_000002652482a0a0_0_0 .concat [ 1 1 1 1], L_000002652482bd60, L_000002652482bd60, L_000002652482bd60, L_000002652482bd60;
LS_000002652482a0a0_0_4 .concat [ 1 1 1 1], L_000002652482bd60, L_000002652482bd60, L_000002652482bd60, L_000002652482bd60;
LS_000002652482a0a0_0_8 .concat [ 1 1 1 1], L_000002652482bd60, L_000002652482bd60, L_000002652482bd60, L_000002652482bd60;
LS_000002652482a0a0_0_12 .concat [ 1 1 1 1], L_000002652482bd60, L_000002652482bd60, L_000002652482bd60, L_000002652482bd60;
LS_000002652482a0a0_0_16 .concat [ 1 1 1 1], L_000002652482bd60, L_000002652482bd60, L_000002652482bd60, L_000002652482bd60;
LS_000002652482a0a0_0_20 .concat [ 1 1 1 1], L_000002652482bd60, L_000002652482bd60, L_000002652482bd60, L_000002652482bd60;
LS_000002652482a0a0_0_24 .concat [ 1 1 1 1], L_000002652482bd60, L_000002652482bd60, L_000002652482bd60, L_000002652482bd60;
LS_000002652482a0a0_0_28 .concat [ 1 1 1 1], L_000002652482bd60, L_000002652482bd60, L_000002652482bd60, L_000002652482bd60;
LS_000002652482a0a0_0_32 .concat [ 1 1 1 1], L_000002652482bd60, L_000002652482bd60, L_000002652482bd60, L_000002652482bd60;
LS_000002652482a0a0_0_36 .concat [ 1 1 1 1], L_000002652482bd60, L_000002652482bd60, L_000002652482bd60, L_000002652482bd60;
LS_000002652482a0a0_0_40 .concat [ 1 1 1 1], L_000002652482bd60, L_000002652482bd60, L_000002652482bd60, L_000002652482bd60;
LS_000002652482a0a0_0_44 .concat [ 1 1 1 1], L_000002652482bd60, L_000002652482bd60, L_000002652482bd60, L_000002652482bd60;
LS_000002652482a0a0_0_48 .concat [ 1 1 1 1], L_000002652482bd60, L_000002652482bd60, L_000002652482bd60, L_000002652482bd60;
LS_000002652482a0a0_1_0 .concat [ 4 4 4 4], LS_000002652482a0a0_0_0, LS_000002652482a0a0_0_4, LS_000002652482a0a0_0_8, LS_000002652482a0a0_0_12;
LS_000002652482a0a0_1_4 .concat [ 4 4 4 4], LS_000002652482a0a0_0_16, LS_000002652482a0a0_0_20, LS_000002652482a0a0_0_24, LS_000002652482a0a0_0_28;
LS_000002652482a0a0_1_8 .concat [ 4 4 4 4], LS_000002652482a0a0_0_32, LS_000002652482a0a0_0_36, LS_000002652482a0a0_0_40, LS_000002652482a0a0_0_44;
LS_000002652482a0a0_1_12 .concat [ 4 0 0 0], LS_000002652482a0a0_0_48;
L_000002652482a0a0 .concat [ 16 16 16 4], LS_000002652482a0a0_1_0, LS_000002652482a0a0_1_4, LS_000002652482a0a0_1_8, LS_000002652482a0a0_1_12;
L_000002652482b220 .part v00000265247cf000_0, 25, 7;
L_000002652482b7c0 .part v00000265247cf000_0, 7, 5;
L_000002652482a280 .concat [ 5 7 52 0], L_000002652482b7c0, L_000002652482b220, L_000002652482a0a0;
L_000002652482a5a0 .part v00000265247cf000_0, 31, 1;
LS_000002652482b0e0_0_0 .concat [ 1 1 1 1], L_000002652482a5a0, L_000002652482a5a0, L_000002652482a5a0, L_000002652482a5a0;
LS_000002652482b0e0_0_4 .concat [ 1 1 1 1], L_000002652482a5a0, L_000002652482a5a0, L_000002652482a5a0, L_000002652482a5a0;
LS_000002652482b0e0_0_8 .concat [ 1 1 1 1], L_000002652482a5a0, L_000002652482a5a0, L_000002652482a5a0, L_000002652482a5a0;
LS_000002652482b0e0_0_12 .concat [ 1 1 1 1], L_000002652482a5a0, L_000002652482a5a0, L_000002652482a5a0, L_000002652482a5a0;
LS_000002652482b0e0_0_16 .concat [ 1 1 1 1], L_000002652482a5a0, L_000002652482a5a0, L_000002652482a5a0, L_000002652482a5a0;
LS_000002652482b0e0_0_20 .concat [ 1 1 1 1], L_000002652482a5a0, L_000002652482a5a0, L_000002652482a5a0, L_000002652482a5a0;
LS_000002652482b0e0_0_24 .concat [ 1 1 1 1], L_000002652482a5a0, L_000002652482a5a0, L_000002652482a5a0, L_000002652482a5a0;
LS_000002652482b0e0_0_28 .concat [ 1 1 1 1], L_000002652482a5a0, L_000002652482a5a0, L_000002652482a5a0, L_000002652482a5a0;
LS_000002652482b0e0_0_32 .concat [ 1 1 1 1], L_000002652482a5a0, L_000002652482a5a0, L_000002652482a5a0, L_000002652482a5a0;
LS_000002652482b0e0_0_36 .concat [ 1 1 1 1], L_000002652482a5a0, L_000002652482a5a0, L_000002652482a5a0, L_000002652482a5a0;
LS_000002652482b0e0_0_40 .concat [ 1 1 1 1], L_000002652482a5a0, L_000002652482a5a0, L_000002652482a5a0, L_000002652482a5a0;
LS_000002652482b0e0_0_44 .concat [ 1 1 1 1], L_000002652482a5a0, L_000002652482a5a0, L_000002652482a5a0, L_000002652482a5a0;
LS_000002652482b0e0_0_48 .concat [ 1 1 1 1], L_000002652482a5a0, L_000002652482a5a0, L_000002652482a5a0, L_000002652482a5a0;
LS_000002652482b0e0_1_0 .concat [ 4 4 4 4], LS_000002652482b0e0_0_0, LS_000002652482b0e0_0_4, LS_000002652482b0e0_0_8, LS_000002652482b0e0_0_12;
LS_000002652482b0e0_1_4 .concat [ 4 4 4 4], LS_000002652482b0e0_0_16, LS_000002652482b0e0_0_20, LS_000002652482b0e0_0_24, LS_000002652482b0e0_0_28;
LS_000002652482b0e0_1_8 .concat [ 4 4 4 4], LS_000002652482b0e0_0_32, LS_000002652482b0e0_0_36, LS_000002652482b0e0_0_40, LS_000002652482b0e0_0_44;
LS_000002652482b0e0_1_12 .concat [ 4 0 0 0], LS_000002652482b0e0_0_48;
L_000002652482b0e0 .concat [ 16 16 16 4], LS_000002652482b0e0_1_0, LS_000002652482b0e0_1_4, LS_000002652482b0e0_1_8, LS_000002652482b0e0_1_12;
L_000002652482be00 .part v00000265247cf000_0, 31, 1;
L_000002652482ae60 .part v00000265247cf000_0, 7, 1;
L_000002652482a140 .part v00000265247cf000_0, 25, 6;
L_000002652482a6e0 .part v00000265247cf000_0, 8, 4;
LS_000002652482ba40_0_0 .concat [ 4 6 1 1], L_000002652482a6e0, L_000002652482a140, L_000002652482ae60, L_000002652482be00;
LS_000002652482ba40_0_4 .concat [ 52 0 0 0], L_000002652482b0e0;
L_000002652482ba40 .concat [ 12 52 0 0], LS_000002652482ba40_0_0, LS_000002652482ba40_0_4;
L_000002652482bcc0 .part v00000265247cf000_0, 5, 2;
S_00000265245ff280 .scope module, "m1" "MUX_3_1" 5 12, 6 1 0, S_00000265245ff0f0;
 .timescale 0 0;
    .port_info 0 /INPUT 64 "A";
    .port_info 1 /INPUT 64 "B";
    .port_info 2 /INPUT 64 "C";
    .port_info 3 /OUTPUT 64 "O";
    .port_info 4 /INPUT 2 "S";
v000002652465f3e0_0 .net "A", 63 0, L_000002652482b2c0;  1 drivers
v000002652465f5c0_0 .net "B", 63 0, L_000002652482a280;  1 drivers
v000002652465fb60_0 .net "C", 63 0, L_000002652482ba40;  1 drivers
v0000026524660600_0 .net "O", 63 0, L_000002652482a960;  alias, 1 drivers
v000002652465f480_0 .net "S", 1 0, L_000002652482bcc0;  1 drivers
L_00000265247d20c8 .functor BUFT 1, C4<00>, C4<0>, C4<0>, C4<0>;
v000002652465f520_0 .net/2u *"_ivl_0", 1 0, L_00000265247d20c8;  1 drivers
v000002652465fc00_0 .net *"_ivl_2", 0 0, L_000002652482b720;  1 drivers
L_00000265247d2110 .functor BUFT 1, C4<01>, C4<0>, C4<0>, C4<0>;
v000002652465fde0_0 .net/2u *"_ivl_4", 1 0, L_00000265247d2110;  1 drivers
v00000265246604c0_0 .net *"_ivl_6", 0 0, L_000002652482a640;  1 drivers
v0000026524660e20_0 .net *"_ivl_8", 63 0, L_000002652482bae0;  1 drivers
L_000002652482b720 .cmp/eq 2, L_000002652482bcc0, L_00000265247d20c8;
L_000002652482a640 .cmp/eq 2, L_000002652482bcc0, L_00000265247d2110;
L_000002652482bae0 .functor MUXZ 64, L_000002652482ba40, L_000002652482a280, L_000002652482a640, C4<>;
L_000002652482a960 .functor MUXZ 64, L_000002652482bae0, L_000002652482b2c0, L_000002652482b720, C4<>;
S_00000265245ff410 .scope module, "PC" "Program_Counter" 2 31, 7 1 0, S_0000026524604e60;
 .timescale 0 0;
    .port_info 0 /INPUT 1 "clk";
    .port_info 1 /INPUT 1 "reset";
    .port_info 2 /INPUT 64 "PC_In";
    .port_info 3 /OUTPUT 64 "PC_Out";
v00000265247ce600_0 .net "PC_In", 63 0, v00000265247d15b0_0;  1 drivers
v00000265247ce740_0 .var "PC_Out", 63 0;
v00000265247cfbe0_0 .net "clk", 0 0, o0000026524672448;  alias, 0 drivers
v00000265247cef60_0 .net "reset", 0 0, o0000026524672bc8;  alias, 0 drivers
E_0000026524669490 .event posedge, v00000265247cef60_0, v000002652465fac0_0;
S_00000265245f61d0 .scope module, "ac1" "ALU_Control" 2 47, 8 1 0, S_0000026524604e60;
 .timescale 0 0;
    .port_info 0 /INPUT 2 "ALUOp";
    .port_info 1 /INPUT 4 "Funct";
    .port_info 2 /OUTPUT 4 "Operation";
v00000265247cfdc0_0 .net "ALUOp", 1 0, v00000265247ce060_0;  alias, 1 drivers
v00000265247ceba0_0 .net "Funct", 3 0, o0000026524672ce8;  alias, 0 drivers
v00000265247cf960_0 .var "Operation", 3 0;
E_0000026524669250 .event anyedge, v00000265247ceba0_0, v00000265247cfdc0_0;
S_00000265245f6360 .scope module, "add1" "Adder" 2 33, 9 1 0, S_0000026524604e60;
 .timescale 0 0;
    .port_info 0 /INPUT 64 "a";
    .port_info 1 /INPUT 64 "b";
    .port_info 2 /OUTPUT 64 "c";
L_00000265247d2038 .functor BUFT 1, C4<0000000000000000000000000000000000000000000000000000000000000100>, C4<0>, C4<0>, C4<0>;
v00000265247cf780_0 .net "a", 63 0, L_00000265247d2038;  1 drivers
v00000265247cfb40_0 .net "b", 63 0, v00000265247ce740_0;  alias, 1 drivers
v00000265247ce920_0 .net "c", 63 0, L_00000265247d0250;  alias, 1 drivers
L_00000265247d0250 .arith/sum 64, L_00000265247d2038, v00000265247ce740_0;
S_00000265245f64f0 .scope module, "add2" "Adder" 2 53, 9 1 0, S_0000026524604e60;
 .timescale 0 0;
    .port_info 0 /INPUT 64 "a";
    .port_info 1 /INPUT 64 "b";
    .port_info 2 /OUTPUT 64 "c";
v00000265247cfc80_0 .net "a", 63 0, v00000265247ce740_0;  alias, 1 drivers
v00000265247cf8c0_0 .net "b", 63 0, L_000002652482bc20;  1 drivers
v00000265247ce1a0_0 .net "c", 63 0, L_000002652482bea0;  alias, 1 drivers
L_000002652482bea0 .arith/sum 64, v00000265247ce740_0, L_000002652482bc20;
S_000002652463c2b0 .scope module, "c1" "Control_Unit" 2 45, 10 1 0, S_0000026524604e60;
 .timescale 0 0;
    .port_info 0 /INPUT 7 "Opcode";
    .port_info 1 /OUTPUT 1 "Branch";
    .port_info 2 /OUTPUT 1 "MemRead";
    .port_info 3 /OUTPUT 1 "MemtoReg";
    .port_info 4 /OUTPUT 1 "MemWrite";
    .port_info 5 /OUTPUT 1 "ALUSrc";
    .port_info 6 /OUTPUT 1 "RegWrite";
    .port_info 7 /OUTPUT 2 "ALUOp";
v00000265247ce060_0 .var "ALUOp", 1 0;
v00000265247cfe60_0 .var "ALUSrc", 0 0;
v00000265247ce100_0 .var "Branch", 0 0;
v00000265247cfd20_0 .var "MemRead", 0 0;
v00000265247ce7e0_0 .var "MemWrite", 0 0;
v00000265247cf640_0 .var "MemtoReg", 0 0;
v00000265247cf500_0 .net "Opcode", 6 0, L_00000265247d0390;  alias, 1 drivers
v00000265247ce6a0_0 .var "RegWrite", 0 0;
E_00000265246697d0 .event anyedge, v00000265247cf500_0;
S_000002652463c440 .scope module, "iMem" "Instruction_Memory" 2 37, 11 1 0, S_0000026524604e60;
 .timescale 0 0;
    .port_info 0 /INPUT 64 "Inst_address";
    .port_info 1 /OUTPUT 32 "Instruction";
v00000265247cece0_0 .net "Inst_address", 63 0, v00000265247ce740_0;  alias, 1 drivers
v00000265247cf000_0 .var "Instruction", 31 0;
v00000265247cee20 .array "instr_mem", 0 15, 7 0;
E_00000265246696d0 .event anyedge, v00000265247ce740_0;
S_000002652463c5d0 .scope module, "iParser" "instruction_parser" 2 39, 12 1 0, S_0000026524604e60;
 .timescale 0 0;
    .port_info 0 /INPUT 32 "instruction";
    .port_info 1 /OUTPUT 7 "opcode";
    .port_info 2 /OUTPUT 5 "rd";
    .port_info 3 /OUTPUT 3 "funct3";
    .port_info 4 /OUTPUT 5 "rs1";
    .port_info 5 /OUTPUT 5 "rs2";
    .port_info 6 /OUTPUT 7 "funct7";
v00000265247cf0a0_0 .net "funct3", 14 12, L_00000265247d07f0;  alias, 1 drivers
v00000265247cf820_0 .net "funct7", 31 25, L_000002652482a500;  alias, 1 drivers
v00000265247ce880_0 .net "instruction", 31 0, v00000265247cf000_0;  alias, 1 drivers
v00000265247ce380_0 .net "opcode", 6 0, L_00000265247d0390;  alias, 1 drivers
v00000265247cfa00_0 .net "rd", 11 7, L_00000265247d0750;  alias, 1 drivers
v00000265247ce240_0 .net "rs1", 19 15, L_000002652482bb80;  alias, 1 drivers
v00000265247cff00_0 .net "rs2", 24 20, L_000002652482b360;  alias, 1 drivers
L_00000265247d0390 .part v00000265247cf000_0, 0, 7;
L_00000265247d0750 .part v00000265247cf000_0, 7, 5;
L_00000265247d07f0 .part v00000265247cf000_0, 12, 3;
L_000002652482bb80 .part v00000265247cf000_0, 15, 5;
L_000002652482b360 .part v00000265247cf000_0, 20, 5;
L_000002652482a500 .part v00000265247cf000_0, 25, 7;
S_00000265246027d0 .scope module, "muxALUSrc" "MUX" 2 49, 13 1 0, S_0000026524604e60;
 .timescale 0 0;
    .port_info 0 /INPUT 64 "A";
    .port_info 1 /INPUT 64 "B";
    .port_info 2 /OUTPUT 64 "O";
    .port_info 3 /INPUT 1 "S";
L_00000265247d2158 .functor BUFT 1, C4<0>, C4<0>, C4<0>, C4<0>;
L_00000265246365b0 .functor XNOR 1, v00000265247cfe60_0, L_00000265247d2158, C4<0>, C4<0>;
v00000265247ce2e0_0 .net "A", 63 0, v00000265247d0f70_0;  alias, 1 drivers
v00000265247ce9c0_0 .net "B", 63 0, L_000002652482a960;  alias, 1 drivers
v00000265247ce420_0 .net "O", 63 0, L_000002652482a320;  alias, 1 drivers
v00000265247ce4c0_0 .net "S", 0 0, v00000265247cfe60_0;  alias, 1 drivers
v00000265247ce560_0 .net/2u *"_ivl_0", 0 0, L_00000265247d2158;  1 drivers
v00000265247cfaa0_0 .net *"_ivl_2", 0 0, L_00000265246365b0;  1 drivers
L_000002652482a320 .functor MUXZ 64, L_000002652482a960, v00000265247d0f70_0, L_00000265246365b0, C4<>;
S_0000026524602960 .scope module, "muxBranch" "MUX" 2 35, 13 1 0, S_0000026524604e60;
 .timescale 0 0;
    .port_info 0 /INPUT 64 "A";
    .port_info 1 /INPUT 64 "B";
    .port_info 2 /OUTPUT 64 "O";
    .port_info 3 /INPUT 1 "S";
L_00000265247d2080 .functor BUFT 1, C4<0>, C4<0>, C4<0>, C4<0>;
L_00000265246363f0 .functor XNOR 1, L_0000026524636540, L_00000265247d2080, C4<0>, C4<0>;
v00000265247ced80_0 .net "A", 63 0, L_00000265247d0250;  alias, 1 drivers
v00000265247cf5a0_0 .net "B", 63 0, L_000002652482bea0;  alias, 1 drivers
v00000265247cea60_0 .net "O", 63 0, L_00000265247d02f0;  alias, 1 drivers
v00000265247ceb00_0 .net "S", 0 0, L_0000026524636540;  1 drivers
v00000265247ceec0_0 .net/2u *"_ivl_0", 0 0, L_00000265247d2080;  1 drivers
v00000265247cf140_0 .net *"_ivl_2", 0 0, L_00000265246363f0;  1 drivers
L_00000265247d02f0 .functor MUXZ 64, L_000002652482bea0, L_00000265247d0250, L_00000265246363f0, C4<>;
S_0000026524602af0 .scope module, "muxMemory" "MUX" 2 57, 13 1 0, S_0000026524604e60;
 .timescale 0 0;
    .port_info 0 /INPUT 64 "A";
    .port_info 1 /INPUT 64 "B";
    .port_info 2 /OUTPUT 64 "O";
    .port_info 3 /INPUT 1 "S";
L_00000265247d21e8 .functor BUFT 1, C4<0>, C4<0>, C4<0>, C4<0>;
L_000002652482c3c0 .functor XNOR 1, v00000265247cf640_0, L_00000265247d21e8, C4<0>, C4<0>;
v00000265247cf280_0 .net "A", 63 0, v000002652465fd40_0;  alias, 1 drivers
v00000265247cf320_0 .net "B", 63 0, v000002652465f160_0;  alias, 1 drivers
v00000265247cf1e0_0 .net "O", 63 0, L_000002652482b540;  alias, 1 drivers
v00000265247cf3c0_0 .net "S", 0 0, v00000265247cf640_0;  alias, 1 drivers
v00000265247cf460_0 .net/2u *"_ivl_0", 0 0, L_00000265247d21e8;  1 drivers
v00000265247cf6e0_0 .net *"_ivl_2", 0 0, L_000002652482c3c0;  1 drivers
L_000002652482b540 .functor MUXZ 64, v000002652465f160_0, v000002652465fd40_0, L_000002652482c3c0, C4<>;
S_0000026524635d10 .scope module, "rFile" "registerFile" 2 41, 14 1 0, S_0000026524604e60;
 .timescale 0 0;
    .port_info 0 /INPUT 64 "WriteData";
    .port_info 1 /INPUT 5 "rs1";
    .port_info 2 /INPUT 5 "rs2";
    .port_info 3 /INPUT 5 "rd";
    .port_info 4 /INPUT 1 "RegWrite";
    .port_info 5 /INPUT 1 "clk";
    .port_info 6 /INPUT 1 "reset";
    .port_info 7 /OUTPUT 64 "ReadData1";
    .port_info 8 /OUTPUT 64 "ReadData2";
v00000265247d1ab0_0 .var "ReadData1", 63 0;
v00000265247d0f70_0 .var "ReadData2", 63 0;
v00000265247d1290_0 .net "RegWrite", 0 0, v00000265247ce6a0_0;  alias, 1 drivers
v00000265247d0ed0_0 .net "WriteData", 63 0, o0000026524673888;  alias, 0 drivers
v00000265247d1510_0 .net "clk", 0 0, o0000026524672448;  alias, 0 drivers
v00000265247d18d0_0 .net "rd", 4 0, L_00000265247d0750;  alias, 1 drivers
v00000265247d0a70 .array "registers", 0 31, 63 0;
v00000265247d0430_0 .net "reset", 0 0, o0000026524672bc8;  alias, 0 drivers
v00000265247d0b10_0 .net "rs1", 4 0, L_000002652482bb80;  alias, 1 drivers
v00000265247d1b50_0 .net "rs2", 4 0, L_000002652482b360;  alias, 1 drivers
v00000265247d0a70_0 .array/port v00000265247d0a70, 0;
v00000265247d0a70_1 .array/port v00000265247d0a70, 1;
E_0000026524669c50/0 .event anyedge, v00000265247cef60_0, v00000265247ce240_0, v00000265247d0a70_0, v00000265247d0a70_1;
v00000265247d0a70_2 .array/port v00000265247d0a70, 2;
v00000265247d0a70_3 .array/port v00000265247d0a70, 3;
v00000265247d0a70_4 .array/port v00000265247d0a70, 4;
v00000265247d0a70_5 .array/port v00000265247d0a70, 5;
E_0000026524669c50/1 .event anyedge, v00000265247d0a70_2, v00000265247d0a70_3, v00000265247d0a70_4, v00000265247d0a70_5;
v00000265247d0a70_6 .array/port v00000265247d0a70, 6;
v00000265247d0a70_7 .array/port v00000265247d0a70, 7;
v00000265247d0a70_8 .array/port v00000265247d0a70, 8;
v00000265247d0a70_9 .array/port v00000265247d0a70, 9;
E_0000026524669c50/2 .event anyedge, v00000265247d0a70_6, v00000265247d0a70_7, v00000265247d0a70_8, v00000265247d0a70_9;
v00000265247d0a70_10 .array/port v00000265247d0a70, 10;
v00000265247d0a70_11 .array/port v00000265247d0a70, 11;
v00000265247d0a70_12 .array/port v00000265247d0a70, 12;
v00000265247d0a70_13 .array/port v00000265247d0a70, 13;
E_0000026524669c50/3 .event anyedge, v00000265247d0a70_10, v00000265247d0a70_11, v00000265247d0a70_12, v00000265247d0a70_13;
v00000265247d0a70_14 .array/port v00000265247d0a70, 14;
v00000265247d0a70_15 .array/port v00000265247d0a70, 15;
v00000265247d0a70_16 .array/port v00000265247d0a70, 16;
v00000265247d0a70_17 .array/port v00000265247d0a70, 17;
E_0000026524669c50/4 .event anyedge, v00000265247d0a70_14, v00000265247d0a70_15, v00000265247d0a70_16, v00000265247d0a70_17;
v00000265247d0a70_18 .array/port v00000265247d0a70, 18;
v00000265247d0a70_19 .array/port v00000265247d0a70, 19;
v00000265247d0a70_20 .array/port v00000265247d0a70, 20;
v00000265247d0a70_21 .array/port v00000265247d0a70, 21;
E_0000026524669c50/5 .event anyedge, v00000265247d0a70_18, v00000265247d0a70_19, v00000265247d0a70_20, v00000265247d0a70_21;
v00000265247d0a70_22 .array/port v00000265247d0a70, 22;
v00000265247d0a70_23 .array/port v00000265247d0a70, 23;
v00000265247d0a70_24 .array/port v00000265247d0a70, 24;
v00000265247d0a70_25 .array/port v00000265247d0a70, 25;
E_0000026524669c50/6 .event anyedge, v00000265247d0a70_22, v00000265247d0a70_23, v00000265247d0a70_24, v00000265247d0a70_25;
v00000265247d0a70_26 .array/port v00000265247d0a70, 26;
v00000265247d0a70_27 .array/port v00000265247d0a70, 27;
v00000265247d0a70_28 .array/port v00000265247d0a70, 28;
v00000265247d0a70_29 .array/port v00000265247d0a70, 29;
E_0000026524669c50/7 .event anyedge, v00000265247d0a70_26, v00000265247d0a70_27, v00000265247d0a70_28, v00000265247d0a70_29;
v00000265247d0a70_30 .array/port v00000265247d0a70, 30;
v00000265247d0a70_31 .array/port v00000265247d0a70, 31;
E_0000026524669c50/8 .event anyedge, v00000265247d0a70_30, v00000265247d0a70_31, v00000265247cff00_0;
E_0000026524669c50 .event/or E_0000026524669c50/0, E_0000026524669c50/1, E_0000026524669c50/2, E_0000026524669c50/3, E_0000026524669c50/4, E_0000026524669c50/5, E_0000026524669c50/6, E_0000026524669c50/7, E_0000026524669c50/8;
    .scope S_00000265245ff410;
T_0 ;
    %wait E_0000026524669490;
    %load/vec4 v00000265247cef60_0;
    %cmpi/e 1, 0, 1;
    %flag_mov 8, 4;
    %jmp/0 T_0.0, 8;
    %pushi/vec4 0, 0, 64;
    %jmp/1 T_0.1, 8;
T_0.0 ; End of true expr.
    %load/vec4 v00000265247ce600_0;
    %jmp/0 T_0.1, 8;
 ; End of false expr.
    %blend;
T_0.1;
    %store/vec4 v00000265247ce740_0, 0, 64;
    %jmp T_0;
    .thread T_0;
    .scope S_000002652463c440;
T_1 ;
    %pushi/vec4 131, 0, 8;
    %ix/load 4, 0, 0;
    %flag_set/imm 4, 0;
    %store/vec4a v00000265247cee20, 4, 0;
    %pushi/vec4 52, 0, 8;
    %ix/load 4, 1, 0;
    %flag_set/imm 4, 0;
    %store/vec4a v00000265247cee20, 4, 0;
    %pushi/vec4 133, 0, 8;
    %ix/load 4, 2, 0;
    %flag_set/imm 4, 0;
    %store/vec4a v00000265247cee20, 4, 0;
    %pushi/vec4 2, 0, 8;
    %ix/load 4, 3, 0;
    %flag_set/imm 4, 0;
    %store/vec4a v00000265247cee20, 4, 0;
    %pushi/vec4 179, 0, 8;
    %ix/load 4, 4, 0;
    %flag_set/imm 4, 0;
    %store/vec4a v00000265247cee20, 4, 0;
    %pushi/vec4 132, 0, 8;
    %ix/load 4, 5, 0;
    %flag_set/imm 4, 0;
    %store/vec4a v00000265247cee20, 4, 0;
    %pushi/vec4 154, 0, 8;
    %ix/load 4, 6, 0;
    %flag_set/imm 4, 0;
    %store/vec4a v00000265247cee20, 4, 0;
    %pushi/vec4 0, 0, 8;
    %ix/load 4, 7, 0;
    %flag_set/imm 4, 0;
    %store/vec4a v00000265247cee20, 4, 0;
    %pushi/vec4 147, 0, 8;
    %ix/load 4, 8, 0;
    %flag_set/imm 4, 0;
    %store/vec4a v00000265247cee20, 4, 0;
    %pushi/vec4 132, 0, 8;
    %ix/load 4, 9, 0;
    %flag_set/imm 4, 0;
    %store/vec4a v00000265247cee20, 4, 0;
    %pushi/vec4 20, 0, 8;
    %ix/load 4, 10, 0;
    %flag_set/imm 4, 0;
    %store/vec4a v00000265247cee20, 4, 0;
    %pushi/vec4 0, 0, 8;
    %ix/load 4, 11, 0;
    %flag_set/imm 4, 0;
    %store/vec4a v00000265247cee20, 4, 0;
    %pushi/vec4 35, 0, 8;
    %ix/load 4, 12, 0;
    %flag_set/imm 4, 0;
    %store/vec4a v00000265247cee20, 4, 0;
    %pushi/vec4 52, 0, 8;
    %ix/load 4, 13, 0;
    %flag_set/imm 4, 0;
    %store/vec4a v00000265247cee20, 4, 0;
    %pushi/vec4 149, 0, 8;
    %ix/load 4, 14, 0;
    %flag_set/imm 4, 0;
    %store/vec4a v00000265247cee20, 4, 0;
    %pushi/vec4 2, 0, 8;
    %ix/load 4, 15, 0;
    %flag_set/imm 4, 0;
    %store/vec4a v00000265247cee20, 4, 0;
    %end;
    .thread T_1;
    .scope S_000002652463c440;
T_2 ;
    %wait E_00000265246696d0;
    %load/vec4 v00000265247cece0_0;
    %dup/vec4;
    %pushi/vec4 0, 0, 64;
    %cmp/u;
    %jmp/1 T_2.0, 6;
    %dup/vec4;
    %pushi/vec4 4, 0, 64;
    %cmp/u;
    %jmp/1 T_2.1, 6;
    %dup/vec4;
    %pushi/vec4 8, 0, 64;
    %cmp/u;
    %jmp/1 T_2.2, 6;
    %dup/vec4;
    %pushi/vec4 12, 0, 64;
    %cmp/u;
    %jmp/1 T_2.3, 6;
    %jmp T_2.4;
T_2.0 ;
    %ix/load 4, 3, 0;
    %flag_set/imm 4, 0;
    %load/vec4a v00000265247cee20, 4;
    %ix/load 4, 2, 0;
    %flag_set/imm 4, 0;
    %load/vec4a v00000265247cee20, 4;
    %concat/vec4; draw_concat_vec4
    %ix/load 4, 1, 0;
    %flag_set/imm 4, 0;
    %load/vec4a v00000265247cee20, 4;
    %concat/vec4; draw_concat_vec4
    %ix/load 4, 0, 0;
    %flag_set/imm 4, 0;
    %load/vec4a v00000265247cee20, 4;
    %concat/vec4; draw_concat_vec4
    %store/vec4 v00000265247cf000_0, 0, 32;
    %jmp T_2.4;
T_2.1 ;
    %ix/load 4, 7, 0;
    %flag_set/imm 4, 0;
    %load/vec4a v00000265247cee20, 4;
    %ix/load 4, 6, 0;
    %flag_set/imm 4, 0;
    %load/vec4a v00000265247cee20, 4;
    %concat/vec4; draw_concat_vec4
    %ix/load 4, 5, 0;
    %flag_set/imm 4, 0;
    %load/vec4a v00000265247cee20, 4;
    %concat/vec4; draw_concat_vec4
    %ix/load 4, 4, 0;
    %flag_set/imm 4, 0;
    %load/vec4a v00000265247cee20, 4;
    %concat/vec4; draw_concat_vec4
    %store/vec4 v00000265247cf000_0, 0, 32;
    %jmp T_2.4;
T_2.2 ;
    %ix/load 4, 11, 0;
    %flag_set/imm 4, 0;
    %load/vec4a v00000265247cee20, 4;
    %ix/load 4, 10, 0;
    %flag_set/imm 4, 0;
    %load/vec4a v00000265247cee20, 4;
    %concat/vec4; draw_concat_vec4
    %ix/load 4, 9, 0;
    %flag_set/imm 4, 0;
    %load/vec4a v00000265247cee20, 4;
    %concat/vec4; draw_concat_vec4
    %ix/load 4, 8, 0;
    %flag_set/imm 4, 0;
    %load/vec4a v00000265247cee20, 4;
    %concat/vec4; draw_concat_vec4
    %store/vec4 v00000265247cf000_0, 0, 32;
    %jmp T_2.4;
T_2.3 ;
    %ix/load 4, 15, 0;
    %flag_set/imm 4, 0;
    %load/vec4a v00000265247cee20, 4;
    %ix/load 4, 14, 0;
    %flag_set/imm 4, 0;
    %load/vec4a v00000265247cee20, 4;
    %concat/vec4; draw_concat_vec4
    %ix/load 4, 13, 0;
    %flag_set/imm 4, 0;
    %load/vec4a v00000265247cee20, 4;
    %concat/vec4; draw_concat_vec4
    %ix/load 4, 12, 0;
    %flag_set/imm 4, 0;
    %load/vec4a v00000265247cee20, 4;
    %concat/vec4; draw_concat_vec4
    %store/vec4 v00000265247cf000_0, 0, 32;
    %jmp T_2.4;
T_2.4 ;
    %pop/vec4 1;
    %jmp T_2;
    .thread T_2, $push;
    .scope S_0000026524635d10;
T_3 ;
    %pushi/vec4 0, 0, 64;
    %ix/load 4, 0, 0;
    %flag_set/imm 4, 0;
    %store/vec4a v00000265247d0a70, 4, 0;
    %pushi/vec4 1, 0, 64;
    %ix/load 4, 1, 0;
    %flag_set/imm 4, 0;
    %store/vec4a v00000265247d0a70, 4, 0;
    %pushi/vec4 2, 0, 64;
    %ix/load 4, 2, 0;
    %flag_set/imm 4, 0;
    %store/vec4a v00000265247d0a70, 4, 0;
    %pushi/vec4 3, 0, 64;
    %ix/load 4, 3, 0;
    %flag_set/imm 4, 0;
    %store/vec4a v00000265247d0a70, 4, 0;
    %pushi/vec4 4, 0, 64;
    %ix/load 4, 4, 0;
    %flag_set/imm 4, 0;
    %store/vec4a v00000265247d0a70, 4, 0;
    %pushi/vec4 5, 0, 64;
    %ix/load 4, 5, 0;
    %flag_set/imm 4, 0;
    %store/vec4a v00000265247d0a70, 4, 0;
    %pushi/vec4 6, 0, 64;
    %ix/load 4, 6, 0;
    %flag_set/imm 4, 0;
    %store/vec4a v00000265247d0a70, 4, 0;
    %pushi/vec4 7, 0, 64;
    %ix/load 4, 7, 0;
    %flag_set/imm 4, 0;
    %store/vec4a v00000265247d0a70, 4, 0;
    %pushi/vec4 8, 0, 64;
    %ix/load 4, 8, 0;
    %flag_set/imm 4, 0;
    %store/vec4a v00000265247d0a70, 4, 0;
    %pushi/vec4 9, 0, 64;
    %ix/load 4, 9, 0;
    %flag_set/imm 4, 0;
    %store/vec4a v00000265247d0a70, 4, 0;
    %pushi/vec4 10, 0, 64;
    %ix/load 4, 10, 0;
    %flag_set/imm 4, 0;
    %store/vec4a v00000265247d0a70, 4, 0;
    %pushi/vec4 11, 0, 64;
    %ix/load 4, 11, 0;
    %flag_set/imm 4, 0;
    %store/vec4a v00000265247d0a70, 4, 0;
    %pushi/vec4 12, 0, 64;
    %ix/load 4, 12, 0;
    %flag_set/imm 4, 0;
    %store/vec4a v00000265247d0a70, 4, 0;
    %pushi/vec4 13, 0, 64;
    %ix/load 4, 13, 0;
    %flag_set/imm 4, 0;
    %store/vec4a v00000265247d0a70, 4, 0;
    %pushi/vec4 14, 0, 64;
    %ix/load 4, 14, 0;
    %flag_set/imm 4, 0;
    %store/vec4a v00000265247d0a70, 4, 0;
    %pushi/vec4 15, 0, 64;
    %ix/load 4, 15, 0;
    %flag_set/imm 4, 0;
    %store/vec4a v00000265247d0a70, 4, 0;
    %pushi/vec4 16, 0, 64;
    %ix/load 4, 16, 0;
    %flag_set/imm 4, 0;
    %store/vec4a v00000265247d0a70, 4, 0;
    %pushi/vec4 17, 0, 64;
    %ix/load 4, 17, 0;
    %flag_set/imm 4, 0;
    %store/vec4a v00000265247d0a70, 4, 0;
    %pushi/vec4 18, 0, 64;
    %ix/load 4, 18, 0;
    %flag_set/imm 4, 0;
    %store/vec4a v00000265247d0a70, 4, 0;
    %pushi/vec4 19, 0, 64;
    %ix/load 4, 19, 0;
    %flag_set/imm 4, 0;
    %store/vec4a v00000265247d0a70, 4, 0;
    %pushi/vec4 20, 0, 64;
    %ix/load 4, 20, 0;
    %flag_set/imm 4, 0;
    %store/vec4a v00000265247d0a70, 4, 0;
    %pushi/vec4 21, 0, 64;
    %ix/load 4, 21, 0;
    %flag_set/imm 4, 0;
    %store/vec4a v00000265247d0a70, 4, 0;
    %pushi/vec4 22, 0, 64;
    %ix/load 4, 22, 0;
    %flag_set/imm 4, 0;
    %store/vec4a v00000265247d0a70, 4, 0;
    %pushi/vec4 23, 0, 64;
    %ix/load 4, 23, 0;
    %flag_set/imm 4, 0;
    %store/vec4a v00000265247d0a70, 4, 0;
    %pushi/vec4 24, 0, 64;
    %ix/load 4, 24, 0;
    %flag_set/imm 4, 0;
    %store/vec4a v00000265247d0a70, 4, 0;
    %pushi/vec4 25, 0, 64;
    %ix/load 4, 25, 0;
    %flag_set/imm 4, 0;
    %store/vec4a v00000265247d0a70, 4, 0;
    %pushi/vec4 26, 0, 64;
    %ix/load 4, 26, 0;
    %flag_set/imm 4, 0;
    %store/vec4a v00000265247d0a70, 4, 0;
    %pushi/vec4 27, 0, 64;
    %ix/load 4, 27, 0;
    %flag_set/imm 4, 0;
    %store/vec4a v00000265247d0a70, 4, 0;
    %pushi/vec4 28, 0, 64;
    %ix/load 4, 28, 0;
    %flag_set/imm 4, 0;
    %store/vec4a v00000265247d0a70, 4, 0;
    %pushi/vec4 29, 0, 64;
    %ix/load 4, 29, 0;
    %flag_set/imm 4, 0;
    %store/vec4a v00000265247d0a70, 4, 0;
    %pushi/vec4 30, 0, 64;
    %ix/load 4, 30, 0;
    %flag_set/imm 4, 0;
    %store/vec4a v00000265247d0a70, 4, 0;
    %pushi/vec4 31, 0, 64;
    %ix/load 4, 31, 0;
    %flag_set/imm 4, 0;
    %store/vec4a v00000265247d0a70, 4, 0;
    %end;
    .thread T_3;
    .scope S_0000026524635d10;
T_4 ;
    %wait E_0000026524669c50;
    %load/vec4 v00000265247d0430_0;
    %cmpi/e 1, 0, 1;
    %flag_mov 8, 4;
    %jmp/0 T_4.0, 8;
    %pushi/vec4 0, 0, 64;
    %jmp/1 T_4.1, 8;
T_4.0 ; End of true expr.
    %load/vec4 v00000265247d0b10_0;
    %pad/u 7;
    %ix/vec4 4;
    %load/vec4a v00000265247d0a70, 4;
    %jmp/0 T_4.1, 8;
 ; End of false expr.
    %blend;
T_4.1;
    %assign/vec4 v00000265247d1ab0_0, 0;
    %load/vec4 v00000265247d0430_0;
    %cmpi/e 1, 0, 1;
    %flag_mov 8, 4;
    %jmp/0 T_4.2, 8;
    %pushi/vec4 0, 0, 64;
    %jmp/1 T_4.3, 8;
T_4.2 ; End of true expr.
    %load/vec4 v00000265247d1b50_0;
    %pad/u 7;
    %ix/vec4 4;
    %load/vec4a v00000265247d0a70, 4;
    %jmp/0 T_4.3, 8;
 ; End of false expr.
    %blend;
T_4.3;
    %assign/vec4 v00000265247d0f70_0, 0;
    %jmp T_4;
    .thread T_4, $push;
    .scope S_0000026524635d10;
T_5 ;
    %wait E_0000026524669c10;
    %load/vec4 v00000265247d1290_0;
    %cmpi/e 1, 0, 1;
    %jmp/0xz  T_5.0, 4;
    %load/vec4 v00000265247d0ed0_0;
    %load/vec4 v00000265247d18d0_0;
    %pad/u 7;
    %ix/vec4 4;
    %store/vec4a v00000265247d0a70, 4, 0;
T_5.0 ;
    %jmp T_5;
    .thread T_5;
    .scope S_000002652463c2b0;
T_6 ;
    %wait E_00000265246697d0;
    %load/vec4 v00000265247cf500_0;
    %dup/vec4;
    %pushi/vec4 51, 0, 7;
    %cmp/u;
    %jmp/1 T_6.0, 6;
    %dup/vec4;
    %pushi/vec4 3, 0, 7;
    %cmp/u;
    %jmp/1 T_6.1, 6;
    %dup/vec4;
    %pushi/vec4 35, 0, 7;
    %cmp/u;
    %jmp/1 T_6.2, 6;
    %dup/vec4;
    %pushi/vec4 99, 0, 7;
    %cmp/u;
    %jmp/1 T_6.3, 6;
    %dup/vec4;
    %pushi/vec4 19, 0, 7;
    %cmp/u;
    %jmp/1 T_6.4, 6;
    %pushi/vec4 0, 0, 1;
    %store/vec4 v00000265247cfe60_0, 0, 1;
    %pushi/vec4 0, 0, 1;
    %store/vec4 v00000265247cf640_0, 0, 1;
    %pushi/vec4 0, 0, 1;
    %store/vec4 v00000265247ce6a0_0, 0, 1;
    %pushi/vec4 0, 0, 1;
    %store/vec4 v00000265247cfd20_0, 0, 1;
    %pushi/vec4 0, 0, 1;
    %store/vec4 v00000265247ce7e0_0, 0, 1;
    %pushi/vec4 0, 0, 1;
    %store/vec4 v00000265247ce100_0, 0, 1;
    %pushi/vec4 0, 0, 2;
    %store/vec4 v00000265247ce060_0, 0, 2;
    %jmp T_6.6;
T_6.0 ;
    %pushi/vec4 0, 0, 1;
    %store/vec4 v00000265247cfe60_0, 0, 1;
    %pushi/vec4 0, 0, 1;
    %store/vec4 v00000265247cf640_0, 0, 1;
    %pushi/vec4 1, 0, 1;
    %store/vec4 v00000265247ce6a0_0, 0, 1;
    %pushi/vec4 0, 0, 1;
    %store/vec4 v00000265247cfd20_0, 0, 1;
    %pushi/vec4 0, 0, 1;
    %store/vec4 v00000265247ce7e0_0, 0, 1;
    %pushi/vec4 0, 0, 1;
    %store/vec4 v00000265247ce100_0, 0, 1;
    %pushi/vec4 2, 0, 2;
    %store/vec4 v00000265247ce060_0, 0, 2;
    %jmp T_6.6;
T_6.1 ;
    %pushi/vec4 1, 0, 1;
    %store/vec4 v00000265247cfe60_0, 0, 1;
    %pushi/vec4 1, 0, 1;
    %store/vec4 v00000265247cf640_0, 0, 1;
    %pushi/vec4 1, 0, 1;
    %store/vec4 v00000265247ce6a0_0, 0, 1;
    %pushi/vec4 1, 0, 1;
    %store/vec4 v00000265247cfd20_0, 0, 1;
    %pushi/vec4 0, 0, 1;
    %store/vec4 v00000265247ce7e0_0, 0, 1;
    %pushi/vec4 0, 0, 1;
    %store/vec4 v00000265247ce100_0, 0, 1;
    %pushi/vec4 2, 0, 2;
    %store/vec4 v00000265247ce060_0, 0, 2;
    %jmp T_6.6;
T_6.2 ;
    %pushi/vec4 1, 0, 1;
    %store/vec4 v00000265247cfe60_0, 0, 1;
    %pushi/vec4 1, 1, 1;
    %store/vec4 v00000265247cf640_0, 0, 1;
    %pushi/vec4 0, 0, 1;
    %store/vec4 v00000265247ce6a0_0, 0, 1;
    %pushi/vec4 0, 0, 1;
    %store/vec4 v00000265247cfd20_0, 0, 1;
    %pushi/vec4 1, 0, 1;
    %store/vec4 v00000265247ce7e0_0, 0, 1;
    %pushi/vec4 0, 0, 1;
    %store/vec4 v00000265247ce100_0, 0, 1;
    %pushi/vec4 0, 0, 2;
    %store/vec4 v00000265247ce060_0, 0, 2;
    %jmp T_6.6;
T_6.3 ;
    %pushi/vec4 0, 0, 1;
    %store/vec4 v00000265247cfe60_0, 0, 1;
    %pushi/vec4 1, 1, 1;
    %store/vec4 v00000265247cf640_0, 0, 1;
    %pushi/vec4 0, 0, 1;
    %store/vec4 v00000265247ce6a0_0, 0, 1;
    %pushi/vec4 0, 0, 1;
    %store/vec4 v00000265247cfd20_0, 0, 1;
    %pushi/vec4 0, 0, 1;
    %store/vec4 v00000265247ce7e0_0, 0, 1;
    %pushi/vec4 1, 0, 1;
    %store/vec4 v00000265247ce100_0, 0, 1;
    %pushi/vec4 1, 0, 2;
    %store/vec4 v00000265247ce060_0, 0, 2;
    %jmp T_6.6;
T_6.4 ;
    %pushi/vec4 1, 0, 1;
    %store/vec4 v00000265247cfe60_0, 0, 1;
    %pushi/vec4 0, 0, 1;
    %store/vec4 v00000265247cf640_0, 0, 1;
    %pushi/vec4 1, 0, 1;
    %store/vec4 v00000265247ce6a0_0, 0, 1;
    %pushi/vec4 0, 0, 1;
    %store/vec4 v00000265247cfd20_0, 0, 1;
    %pushi/vec4 0, 0, 1;
    %store/vec4 v00000265247ce7e0_0, 0, 1;
    %pushi/vec4 0, 0, 1;
    %store/vec4 v00000265247ce100_0, 0, 1;
    %pushi/vec4 0, 0, 2;
    %store/vec4 v00000265247ce060_0, 0, 2;
    %jmp T_6.6;
T_6.6 ;
    %pop/vec4 1;
    %jmp T_6;
    .thread T_6, $push;
    .scope S_00000265245f61d0;
T_7 ;
    %wait E_0000026524669250;
    %load/vec4 v00000265247cfdc0_0;
    %cmpi/e 0, 0, 2;
    %jmp/0xz  T_7.0, 4;
    %pushi/vec4 2, 0, 4;
    %store/vec4 v00000265247cf960_0, 0, 4;
    %jmp T_7.1;
T_7.0 ;
    %load/vec4 v00000265247cfdc0_0;
    %cmpi/e 1, 0, 2;
    %jmp/0xz  T_7.2, 4;
    %pushi/vec4 6, 0, 4;
    %store/vec4 v00000265247cf960_0, 0, 4;
    %jmp T_7.3;
T_7.2 ;
    %load/vec4 v00000265247cfdc0_0;
    %cmpi/e 2, 0, 2;
    %jmp/0xz  T_7.4, 4;
    %load/vec4 v00000265247ceba0_0;
    %cmpi/e 0, 0, 4;
    %jmp/0xz  T_7.6, 4;
    %pushi/vec4 2, 0, 4;
    %store/vec4 v00000265247cf960_0, 0, 4;
    %jmp T_7.7;
T_7.6 ;
    %load/vec4 v00000265247ceba0_0;
    %cmpi/e 8, 0, 4;
    %jmp/0xz  T_7.8, 4;
    %pushi/vec4 6, 0, 4;
    %store/vec4 v00000265247cf960_0, 0, 4;
    %jmp T_7.9;
T_7.8 ;
    %load/vec4 v00000265247ceba0_0;
    %cmpi/e 7, 0, 4;
    %jmp/0xz  T_7.10, 4;
    %pushi/vec4 0, 0, 4;
    %store/vec4 v00000265247cf960_0, 0, 4;
    %jmp T_7.11;
T_7.10 ;
    %load/vec4 v00000265247ceba0_0;
    %cmpi/e 6, 0, 4;
    %jmp/0xz  T_7.12, 4;
    %pushi/vec4 1, 0, 4;
    %store/vec4 v00000265247cf960_0, 0, 4;
T_7.12 ;
T_7.11 ;
T_7.9 ;
T_7.7 ;
T_7.4 ;
T_7.3 ;
T_7.1 ;
    %jmp T_7;
    .thread T_7, $push;
    .scope S_0000026524604ff0;
T_8 ;
    %wait E_000002652466a0d0;
    %load/vec4 v000002652465ff20_0;
    %dup/vec4;
    %pushi/vec4 0, 0, 4;
    %cmp/u;
    %jmp/1 T_8.0, 6;
    %dup/vec4;
    %pushi/vec4 1, 0, 4;
    %cmp/u;
    %jmp/1 T_8.1, 6;
    %dup/vec4;
    %pushi/vec4 2, 0, 4;
    %cmp/u;
    %jmp/1 T_8.2, 6;
    %dup/vec4;
    %pushi/vec4 6, 0, 4;
    %cmp/u;
    %jmp/1 T_8.3, 6;
    %load/vec4 v0000026524660060_0;
    %load/vec4 v0000026524660920_0;
    %or;
    %inv;
    %assign/vec4 v000002652465f160_0, 0;
    %jmp T_8.5;
T_8.0 ;
    %load/vec4 v0000026524660060_0;
    %load/vec4 v0000026524660920_0;
    %and;
    %assign/vec4 v000002652465f160_0, 0;
    %jmp T_8.5;
T_8.1 ;
    %load/vec4 v0000026524660060_0;
    %load/vec4 v0000026524660920_0;
    %or;
    %assign/vec4 v000002652465f160_0, 0;
    %jmp T_8.5;
T_8.2 ;
    %load/vec4 v0000026524660060_0;
    %load/vec4 v0000026524660920_0;
    %add;
    %assign/vec4 v000002652465f160_0, 0;
    %jmp T_8.5;
T_8.3 ;
    %load/vec4 v0000026524660060_0;
    %load/vec4 v0000026524660920_0;
    %sub;
    %assign/vec4 v000002652465f160_0, 0;
    %jmp T_8.5;
T_8.5 ;
    %pop/vec4 1;
    %load/vec4 v000002652465f160_0;
    %cmpi/e 0, 0, 64;
    %flag_mov 8, 4;
    %jmp/0 T_8.6, 8;
    %pushi/vec4 1, 0, 1;
    %jmp/1 T_8.7, 8;
T_8.6 ; End of true expr.
    %pushi/vec4 0, 0, 1;
    %jmp/0 T_8.7, 8;
 ; End of false expr.
    %blend;
T_8.7;
    %store/vec4 v00000265246606a0_0, 0, 1;
    %jmp T_8;
    .thread T_8, $push;
    .scope S_0000026524605180;
T_9 ;
    %pushi/vec4 0, 0, 8;
    %ix/load 4, 0, 0;
    %flag_set/imm 4, 0;
    %store/vec4a v0000026524660100, 4, 0;
    %pushi/vec4 1, 0, 8;
    %ix/load 4, 1, 0;
    %flag_set/imm 4, 0;
    %store/vec4a v0000026524660100, 4, 0;
    %pushi/vec4 2, 0, 8;
    %ix/load 4, 2, 0;
    %flag_set/imm 4, 0;
    %store/vec4a v0000026524660100, 4, 0;
    %pushi/vec4 3, 0, 8;
    %ix/load 4, 3, 0;
    %flag_set/imm 4, 0;
    %store/vec4a v0000026524660100, 4, 0;
    %pushi/vec4 4, 0, 8;
    %ix/load 4, 4, 0;
    %flag_set/imm 4, 0;
    %store/vec4a v0000026524660100, 4, 0;
    %pushi/vec4 5, 0, 8;
    %ix/load 4, 5, 0;
    %flag_set/imm 4, 0;
    %store/vec4a v0000026524660100, 4, 0;
    %pushi/vec4 6, 0, 8;
    %ix/load 4, 6, 0;
    %flag_set/imm 4, 0;
    %store/vec4a v0000026524660100, 4, 0;
    %pushi/vec4 7, 0, 8;
    %ix/load 4, 7, 0;
    %flag_set/imm 4, 0;
    %store/vec4a v0000026524660100, 4, 0;
    %pushi/vec4 8, 0, 8;
    %ix/load 4, 8, 0;
    %flag_set/imm 4, 0;
    %store/vec4a v0000026524660100, 4, 0;
    %pushi/vec4 9, 0, 8;
    %ix/load 4, 9, 0;
    %flag_set/imm 4, 0;
    %store/vec4a v0000026524660100, 4, 0;
    %pushi/vec4 10, 0, 8;
    %ix/load 4, 10, 0;
    %flag_set/imm 4, 0;
    %store/vec4a v0000026524660100, 4, 0;
    %pushi/vec4 11, 0, 8;
    %ix/load 4, 11, 0;
    %flag_set/imm 4, 0;
    %store/vec4a v0000026524660100, 4, 0;
    %pushi/vec4 12, 0, 8;
    %ix/load 4, 12, 0;
    %flag_set/imm 4, 0;
    %store/vec4a v0000026524660100, 4, 0;
    %pushi/vec4 13, 0, 8;
    %ix/load 4, 13, 0;
    %flag_set/imm 4, 0;
    %store/vec4a v0000026524660100, 4, 0;
    %pushi/vec4 14, 0, 8;
    %ix/load 4, 14, 0;
    %flag_set/imm 4, 0;
    %store/vec4a v0000026524660100, 4, 0;
    %pushi/vec4 15, 0, 8;
    %ix/load 4, 15, 0;
    %flag_set/imm 4, 0;
    %store/vec4a v0000026524660100, 4, 0;
    %pushi/vec4 16, 0, 8;
    %ix/load 4, 16, 0;
    %flag_set/imm 4, 0;
    %store/vec4a v0000026524660100, 4, 0;
    %pushi/vec4 17, 0, 8;
    %ix/load 4, 17, 0;
    %flag_set/imm 4, 0;
    %store/vec4a v0000026524660100, 4, 0;
    %pushi/vec4 18, 0, 8;
    %ix/load 4, 18, 0;
    %flag_set/imm 4, 0;
    %store/vec4a v0000026524660100, 4, 0;
    %pushi/vec4 19, 0, 8;
    %ix/load 4, 19, 0;
    %flag_set/imm 4, 0;
    %store/vec4a v0000026524660100, 4, 0;
    %pushi/vec4 20, 0, 8;
    %ix/load 4, 20, 0;
    %flag_set/imm 4, 0;
    %store/vec4a v0000026524660100, 4, 0;
    %pushi/vec4 21, 0, 8;
    %ix/load 4, 21, 0;
    %flag_set/imm 4, 0;
    %store/vec4a v0000026524660100, 4, 0;
    %pushi/vec4 22, 0, 8;
    %ix/load 4, 22, 0;
    %flag_set/imm 4, 0;
    %store/vec4a v0000026524660100, 4, 0;
    %pushi/vec4 23, 0, 8;
    %ix/load 4, 23, 0;
    %flag_set/imm 4, 0;
    %store/vec4a v0000026524660100, 4, 0;
    %pushi/vec4 24, 0, 8;
    %ix/load 4, 24, 0;
    %flag_set/imm 4, 0;
    %store/vec4a v0000026524660100, 4, 0;
    %pushi/vec4 25, 0, 8;
    %ix/load 4, 25, 0;
    %flag_set/imm 4, 0;
    %store/vec4a v0000026524660100, 4, 0;
    %pushi/vec4 26, 0, 8;
    %ix/load 4, 26, 0;
    %flag_set/imm 4, 0;
    %store/vec4a v0000026524660100, 4, 0;
    %pushi/vec4 27, 0, 8;
    %ix/load 4, 27, 0;
    %flag_set/imm 4, 0;
    %store/vec4a v0000026524660100, 4, 0;
    %pushi/vec4 28, 0, 8;
    %ix/load 4, 28, 0;
    %flag_set/imm 4, 0;
    %store/vec4a v0000026524660100, 4, 0;
    %pushi/vec4 29, 0, 8;
    %ix/load 4, 29, 0;
    %flag_set/imm 4, 0;
    %store/vec4a v0000026524660100, 4, 0;
    %pushi/vec4 30, 0, 8;
    %ix/load 4, 30, 0;
    %flag_set/imm 4, 0;
    %store/vec4a v0000026524660100, 4, 0;
    %pushi/vec4 31, 0, 8;
    %ix/load 4, 31, 0;
    %flag_set/imm 4, 0;
    %store/vec4a v0000026524660100, 4, 0;
    %pushi/vec4 32, 0, 8;
    %ix/load 4, 32, 0;
    %flag_set/imm 4, 0;
    %store/vec4a v0000026524660100, 4, 0;
    %pushi/vec4 33, 0, 8;
    %ix/load 4, 33, 0;
    %flag_set/imm 4, 0;
    %store/vec4a v0000026524660100, 4, 0;
    %pushi/vec4 34, 0, 8;
    %ix/load 4, 34, 0;
    %flag_set/imm 4, 0;
    %store/vec4a v0000026524660100, 4, 0;
    %pushi/vec4 35, 0, 8;
    %ix/load 4, 35, 0;
    %flag_set/imm 4, 0;
    %store/vec4a v0000026524660100, 4, 0;
    %pushi/vec4 36, 0, 8;
    %ix/load 4, 36, 0;
    %flag_set/imm 4, 0;
    %store/vec4a v0000026524660100, 4, 0;
    %pushi/vec4 37, 0, 8;
    %ix/load 4, 37, 0;
    %flag_set/imm 4, 0;
    %store/vec4a v0000026524660100, 4, 0;
    %pushi/vec4 38, 0, 8;
    %ix/load 4, 38, 0;
    %flag_set/imm 4, 0;
    %store/vec4a v0000026524660100, 4, 0;
    %pushi/vec4 39, 0, 8;
    %ix/load 4, 39, 0;
    %flag_set/imm 4, 0;
    %store/vec4a v0000026524660100, 4, 0;
    %pushi/vec4 40, 0, 8;
    %ix/load 4, 40, 0;
    %flag_set/imm 4, 0;
    %store/vec4a v0000026524660100, 4, 0;
    %pushi/vec4 41, 0, 8;
    %ix/load 4, 41, 0;
    %flag_set/imm 4, 0;
    %store/vec4a v0000026524660100, 4, 0;
    %pushi/vec4 42, 0, 8;
    %ix/load 4, 42, 0;
    %flag_set/imm 4, 0;
    %store/vec4a v0000026524660100, 4, 0;
    %pushi/vec4 43, 0, 8;
    %ix/load 4, 43, 0;
    %flag_set/imm 4, 0;
    %store/vec4a v0000026524660100, 4, 0;
    %pushi/vec4 44, 0, 8;
    %ix/load 4, 44, 0;
    %flag_set/imm 4, 0;
    %store/vec4a v0000026524660100, 4, 0;
    %pushi/vec4 45, 0, 8;
    %ix/load 4, 45, 0;
    %flag_set/imm 4, 0;
    %store/vec4a v0000026524660100, 4, 0;
    %pushi/vec4 46, 0, 8;
    %ix/load 4, 46, 0;
    %flag_set/imm 4, 0;
    %store/vec4a v0000026524660100, 4, 0;
    %pushi/vec4 47, 0, 8;
    %ix/load 4, 47, 0;
    %flag_set/imm 4, 0;
    %store/vec4a v0000026524660100, 4, 0;
    %pushi/vec4 48, 0, 8;
    %ix/load 4, 48, 0;
    %flag_set/imm 4, 0;
    %store/vec4a v0000026524660100, 4, 0;
    %pushi/vec4 49, 0, 8;
    %ix/load 4, 49, 0;
    %flag_set/imm 4, 0;
    %store/vec4a v0000026524660100, 4, 0;
    %pushi/vec4 50, 0, 8;
    %ix/load 4, 50, 0;
    %flag_set/imm 4, 0;
    %store/vec4a v0000026524660100, 4, 0;
    %pushi/vec4 51, 0, 8;
    %ix/load 4, 51, 0;
    %flag_set/imm 4, 0;
    %store/vec4a v0000026524660100, 4, 0;
    %pushi/vec4 52, 0, 8;
    %ix/load 4, 52, 0;
    %flag_set/imm 4, 0;
    %store/vec4a v0000026524660100, 4, 0;
    %pushi/vec4 53, 0, 8;
    %ix/load 4, 53, 0;
    %flag_set/imm 4, 0;
    %store/vec4a v0000026524660100, 4, 0;
    %pushi/vec4 54, 0, 8;
    %ix/load 4, 54, 0;
    %flag_set/imm 4, 0;
    %store/vec4a v0000026524660100, 4, 0;
    %pushi/vec4 55, 0, 8;
    %ix/load 4, 55, 0;
    %flag_set/imm 4, 0;
    %store/vec4a v0000026524660100, 4, 0;
    %pushi/vec4 56, 0, 8;
    %ix/load 4, 56, 0;
    %flag_set/imm 4, 0;
    %store/vec4a v0000026524660100, 4, 0;
    %pushi/vec4 57, 0, 8;
    %ix/load 4, 57, 0;
    %flag_set/imm 4, 0;
    %store/vec4a v0000026524660100, 4, 0;
    %pushi/vec4 58, 0, 8;
    %ix/load 4, 58, 0;
    %flag_set/imm 4, 0;
    %store/vec4a v0000026524660100, 4, 0;
    %pushi/vec4 59, 0, 8;
    %ix/load 4, 59, 0;
    %flag_set/imm 4, 0;
    %store/vec4a v0000026524660100, 4, 0;
    %pushi/vec4 60, 0, 8;
    %ix/load 4, 60, 0;
    %flag_set/imm 4, 0;
    %store/vec4a v0000026524660100, 4, 0;
    %pushi/vec4 61, 0, 8;
    %ix/load 4, 61, 0;
    %flag_set/imm 4, 0;
    %store/vec4a v0000026524660100, 4, 0;
    %pushi/vec4 62, 0, 8;
    %ix/load 4, 62, 0;
    %flag_set/imm 4, 0;
    %store/vec4a v0000026524660100, 4, 0;
    %pushi/vec4 63, 0, 8;
    %ix/load 4, 63, 0;
    %flag_set/imm 4, 0;
    %store/vec4a v0000026524660100, 4, 0;
    %end;
    .thread T_9;
    .scope S_0000026524605180;
T_10 ;
    %wait E_0000026524669c10;
    %load/vec4 v000002652465ffc0_0;
    %cmpi/e 1, 0, 1;
    %jmp/0xz  T_10.0, 4;
    %load/vec4 v000002652465fa20_0;
    %parti/s 8, 56, 7;
    %load/vec4 v0000026524660a60_0;
    %pad/u 65;
    %addi 7, 0, 65;
    %ix/vec4 4;
    %store/vec4a v0000026524660100, 4, 0;
    %load/vec4 v000002652465fa20_0;
    %parti/s 8, 48, 7;
    %load/vec4 v0000026524660a60_0;
    %pad/u 65;
    %addi 6, 0, 65;
    %ix/vec4 4;
    %store/vec4a v0000026524660100, 4, 0;
    %load/vec4 v000002652465fa20_0;
    %parti/s 8, 40, 7;
    %load/vec4 v0000026524660a60_0;
    %pad/u 65;
    %addi 5, 0, 65;
    %ix/vec4 4;
    %store/vec4a v0000026524660100, 4, 0;
    %load/vec4 v000002652465fa20_0;
    %parti/s 8, 32, 7;
    %load/vec4 v0000026524660a60_0;
    %pad/u 65;
    %addi 4, 0, 65;
    %ix/vec4 4;
    %store/vec4a v0000026524660100, 4, 0;
    %load/vec4 v000002652465fa20_0;
    %parti/s 8, 24, 6;
    %load/vec4 v0000026524660a60_0;
    %pad/u 65;
    %addi 3, 0, 65;
    %ix/vec4 4;
    %store/vec4a v0000026524660100, 4, 0;
    %load/vec4 v000002652465fa20_0;
    %parti/s 8, 16, 6;
    %load/vec4 v0000026524660a60_0;
    %pad/u 65;
    %addi 2, 0, 65;
    %ix/vec4 4;
    %store/vec4a v0000026524660100, 4, 0;
    %load/vec4 v000002652465fa20_0;
    %parti/s 8, 8, 5;
    %load/vec4 v0000026524660a60_0;
    %pad/u 65;
    %addi 1, 0, 65;
    %ix/vec4 4;
    %store/vec4a v0000026524660100, 4, 0;
    %load/vec4 v000002652465fa20_0;
    %parti/s 8, 0, 2;
    %ix/getv 4, v0000026524660a60_0;
    %store/vec4a v0000026524660100, 4, 0;
T_10.0 ;
    %jmp T_10;
    .thread T_10;
    .scope S_0000026524605180;
T_11 ;
    %wait E_0000026524669dd0;
    %load/vec4 v000002652465fca0_0;
    %cmpi/e 1, 0, 1;
    %jmp/0xz  T_11.0, 4;
    %load/vec4 v0000026524660a60_0;
    %pad/u 65;
    %addi 7, 0, 65;
    %ix/vec4 4;
    %load/vec4a v0000026524660100, 4;
    %load/vec4 v0000026524660a60_0;
    %pad/u 65;
    %addi 6, 0, 65;
    %ix/vec4 4;
    %load/vec4a v0000026524660100, 4;
    %concat/vec4; draw_concat_vec4
    %load/vec4 v0000026524660a60_0;
    %pad/u 65;
    %addi 5, 0, 65;
    %ix/vec4 4;
    %load/vec4a v0000026524660100, 4;
    %concat/vec4; draw_concat_vec4
    %load/vec4 v0000026524660a60_0;
    %pad/u 65;
    %addi 4, 0, 65;
    %ix/vec4 4;
    %load/vec4a v0000026524660100, 4;
    %concat/vec4; draw_concat_vec4
    %load/vec4 v0000026524660a60_0;
    %pad/u 65;
    %addi 2, 0, 65;
    %ix/vec4 4;
    %load/vec4a v0000026524660100, 4;
    %concat/vec4; draw_concat_vec4
    %load/vec4 v0000026524660a60_0;
    %pad/u 65;
    %addi 1, 0, 65;
    %ix/vec4 4;
    %load/vec4a v0000026524660100, 4;
    %concat/vec4; draw_concat_vec4
    %load/vec4 v0000026524660a60_0;
    %pad/u 65;
    %addi 0, 0, 65;
    %ix/vec4 4;
    %load/vec4a v0000026524660100, 4;
    %concat/vec4; draw_concat_vec4
    %pad/u 64;
    %assign/vec4 v000002652465fd40_0, 0;
T_11.0 ;
    %jmp T_11;
    .thread T_11, $push;
    .scope S_0000026524604e60;
T_12 ;
    %pushi/vec4 0, 0, 64;
    %store/vec4 v00000265247d15b0_0, 0, 64;
    %end;
    .thread T_12;
# The file index is used to find the file name in the following table.
:file_names 15;
    "N/A";
    "<interactive>";
    "RISC_V_Processor.v";
    "./ALU_64_bit.v";
    "./Data_Memory.v";
    "./immediate_generator.v";
    "./MUX_3_1.v";
    "./Program_Counter.v";
    "./ALU_Control.v";
    "./Adder.v";
    "./Control_Unit.v";
    "./instruction_Memory.v";
    "./instruction_parser.v";
    "./MUX.v";
    "./registerFile.v";
