#! /c/Source/iverilog-install/bin/vvp
:ivl_version "12.0 (devel)" "(s20150603-1110-g18392a46)";
:ivl_delay_selection "TYPICAL";
:vpi_time_precision + 0;
:vpi_module "C:\iverilog\lib\ivl\system.vpi";
:vpi_module "C:\iverilog\lib\ivl\vhdl_sys.vpi";
:vpi_module "C:\iverilog\lib\ivl\vhdl_textio.vpi";
:vpi_module "C:\iverilog\lib\ivl\v2005_math.vpi";
:vpi_module "C:\iverilog\lib\ivl\va_math.vpi";
S_000002a3eb6fde10 .scope module, "branchTest" "branchTest" 2 3;
 .timescale 0 0;
v000002a3eb6fe1d0_0 .net "BGE", 0 0, v000002a3eb713520_0;  1 drivers
v000002a3eb6fb570_0 .net "BLT", 0 0, v000002a3eb713120_0;  1 drivers
v000002a3eb6fb610_0 .var "Branch", 0 0;
v000002a3eb6fb6b0_0 .var "Funct", 2 0;
v000002a3eb6fb750_0 .var "Result", 63 0;
S_000002a3eb6fdfa0 .scope module, "b1" "branch" 2 9, 3 1 0, S_000002a3eb6fde10;
 .timescale 0 0;
    .port_info 0 /INPUT 64 "Result";
    .port_info 1 /INPUT 3 "Funct";
    .port_info 2 /INPUT 1 "Branch";
    .port_info 3 /OUTPUT 1 "BLT";
    .port_info 4 /OUTPUT 1 "BGE";
v000002a3eb713520_0 .var "BGE", 0 0;
v000002a3eb713120_0 .var "BLT", 0 0;
v000002a3eb6fb2d0_0 .net "Branch", 0 0, v000002a3eb6fb610_0;  1 drivers
v000002a3eb6fb370_0 .net "Funct", 2 0, v000002a3eb6fb6b0_0;  1 drivers
v000002a3eb6fe130_0 .net "Result", 63 0, v000002a3eb6fb750_0;  1 drivers
E_000002a3eb735980 .event anyedge, v000002a3eb6fb370_0, v000002a3eb6fb2d0_0, v000002a3eb6fe130_0;
    .scope S_000002a3eb6fdfa0;
T_0 ;
    %wait E_000002a3eb735980;
    %load/vec4 v000002a3eb6fb2d0_0;
    %cmpi/e 1, 0, 1;
    %jmp/0xz  T_0.0, 4;
    %load/vec4 v000002a3eb6fb370_0;
    %cmpi/e 4, 0, 3;
    %jmp/0xz  T_0.2, 4;
    %pushi/vec4 0, 0, 1;
    %store/vec4 v000002a3eb713520_0, 0, 1;
    %load/vec4 v000002a3eb6fe130_0;
    %parti/s 1, 63, 7;
    %cmpi/e 1, 0, 1;
    %jmp/0xz  T_0.4, 4;
    %pushi/vec4 1, 0, 1;
    %store/vec4 v000002a3eb713120_0, 0, 1;
    %jmp T_0.5;
T_0.4 ;
    %pushi/vec4 0, 0, 1;
    %store/vec4 v000002a3eb713120_0, 0, 1;
T_0.5 ;
    %jmp T_0.3;
T_0.2 ;
    %load/vec4 v000002a3eb6fb370_0;
    %cmpi/e 5, 0, 3;
    %jmp/0xz  T_0.6, 4;
    %pushi/vec4 0, 0, 1;
    %store/vec4 v000002a3eb713120_0, 0, 1;
    %load/vec4 v000002a3eb6fe130_0;
    %parti/s 1, 63, 7;
    %cmpi/e 0, 0, 1;
    %jmp/0xz  T_0.8, 4;
    %pushi/vec4 1, 0, 1;
    %store/vec4 v000002a3eb713520_0, 0, 1;
    %jmp T_0.9;
T_0.8 ;
    %pushi/vec4 0, 0, 1;
    %store/vec4 v000002a3eb713520_0, 0, 1;
T_0.9 ;
T_0.6 ;
T_0.3 ;
    %jmp T_0.1;
T_0.0 ;
    %pushi/vec4 0, 0, 1;
    %store/vec4 v000002a3eb713120_0, 0, 1;
    %pushi/vec4 0, 0, 1;
    %store/vec4 v000002a3eb713520_0, 0, 1;
T_0.1 ;
    %jmp T_0;
    .thread T_0, $push;
    .scope S_000002a3eb6fde10;
T_1 ;
    %pushi/vec4 4, 0, 64;
    %store/vec4 v000002a3eb6fb750_0, 0, 64;
    %pushi/vec4 4, 0, 3;
    %store/vec4 v000002a3eb6fb6b0_0, 0, 3;
    %pushi/vec4 1, 0, 1;
    %store/vec4 v000002a3eb6fb610_0, 0, 1;
    %pushi/vec4 1, 0, 1;
    %ix/load 4, 63, 0;
    %flag_set/imm 4, 0;
    %store/vec4 v000002a3eb6fb750_0, 4, 1;
    %delay 5, 0;
    %pushi/vec4 0, 0, 1;
    %ix/load 4, 63, 0;
    %flag_set/imm 4, 0;
    %store/vec4 v000002a3eb6fb750_0, 4, 1;
    %delay 5, 0;
    %pushi/vec4 5, 0, 3;
    %store/vec4 v000002a3eb6fb6b0_0, 0, 3;
    %pushi/vec4 0, 0, 1;
    %ix/load 4, 63, 0;
    %flag_set/imm 4, 0;
    %store/vec4 v000002a3eb6fb750_0, 4, 1;
    %delay 5, 0;
    %pushi/vec4 1, 0, 1;
    %ix/load 4, 63, 0;
    %flag_set/imm 4, 0;
    %store/vec4 v000002a3eb6fb750_0, 4, 1;
    %delay 5, 0;
    %pushi/vec4 4, 0, 3;
    %store/vec4 v000002a3eb6fb6b0_0, 0, 3;
    %delay 5, 0;
    %pushi/vec4 0, 0, 1;
    %store/vec4 v000002a3eb6fb610_0, 0, 1;
    %delay 5, 0;
    %pushi/vec4 5, 0, 3;
    %store/vec4 v000002a3eb6fb6b0_0, 0, 3;
    %vpi_call 2 27 "$finish" {0 0 0};
    %end;
    .thread T_1;
    .scope S_000002a3eb6fde10;
T_2 ;
    %vpi_call 2 31 "$dumpfile", "Branch.vcd" {0 0 0};
    %vpi_call 2 32 "$dumpvars" {0 0 0};
    %end;
    .thread T_2;
# The file index is used to find the file name in the following table.
:file_names 4;
    "N/A";
    "<interactive>";
    "branch_tb.v";
    "./branch.v";
