#! /c/Source/iverilog-install/bin/vvp
:ivl_version "12.0 (devel)" "(s20150603-1110-g18392a46)";
:ivl_delay_selection "TYPICAL";
:vpi_time_precision + 0;
:vpi_module "C:\iverilog\lib\ivl\system.vpi";
:vpi_module "C:\iverilog\lib\ivl\vhdl_sys.vpi";
:vpi_module "C:\iverilog\lib\ivl\vhdl_textio.vpi";
:vpi_module "C:\iverilog\lib\ivl\v2005_math.vpi";
:vpi_module "C:\iverilog\lib\ivl\va_math.vpi";
S_000001b30a51ed10 .scope module, "ALU_Control" "ALU_Control" 2 1;
 .timescale 0 0;
    .port_info 0 /INPUT 2 "ALUOp";
    .port_info 1 /INPUT 4 "Funct";
    .port_info 2 /OUTPUT 4 "Operation";
o000001b30a3e6fd8 .functor BUFZ 2, C4<zz>; HiZ drive
v000001b30a3b33a0_0 .net "ALUOp", 1 0, o000001b30a3e6fd8;  0 drivers
o000001b30a3e7008 .functor BUFZ 4, C4<zzzz>; HiZ drive
v000001b30a3b30b0_0 .net "Funct", 3 0, o000001b30a3e7008;  0 drivers
v000001b30a51eea0_0 .var "Operation", 3 0;
E_000001b30a51bff0 .event anyedge, v000001b30a3b30b0_0, v000001b30a3b33a0_0;
    .scope S_000001b30a51ed10;
T_0 ;
    %wait E_000001b30a51bff0;
    %load/vec4 v000001b30a3b33a0_0;
    %cmpi/e 0, 0, 2;
    %jmp/0xz  T_0.0, 4;
    %pushi/vec4 2, 0, 4;
    %store/vec4 v000001b30a51eea0_0, 0, 4;
    %jmp T_0.1;
T_0.0 ;
    %load/vec4 v000001b30a3b33a0_0;
    %cmpi/e 1, 0, 2;
    %jmp/0xz  T_0.2, 4;
    %pushi/vec4 6, 0, 4;
    %store/vec4 v000001b30a51eea0_0, 0, 4;
    %jmp T_0.3;
T_0.2 ;
    %load/vec4 v000001b30a3b33a0_0;
    %cmpi/e 2, 0, 2;
    %jmp/0xz  T_0.4, 4;
    %load/vec4 v000001b30a3b30b0_0;
    %cmpi/e 0, 0, 4;
    %jmp/0xz  T_0.6, 4;
    %pushi/vec4 2, 0, 4;
    %store/vec4 v000001b30a51eea0_0, 0, 4;
    %jmp T_0.7;
T_0.6 ;
    %load/vec4 v000001b30a3b30b0_0;
    %cmpi/e 8, 0, 4;
    %jmp/0xz  T_0.8, 4;
    %pushi/vec4 6, 0, 4;
    %store/vec4 v000001b30a51eea0_0, 0, 4;
    %jmp T_0.9;
T_0.8 ;
    %load/vec4 v000001b30a3b30b0_0;
    %cmpi/e 7, 0, 4;
    %jmp/0xz  T_0.10, 4;
    %pushi/vec4 0, 0, 4;
    %store/vec4 v000001b30a51eea0_0, 0, 4;
    %jmp T_0.11;
T_0.10 ;
    %load/vec4 v000001b30a3b30b0_0;
    %cmpi/e 6, 0, 4;
    %jmp/0xz  T_0.12, 4;
    %pushi/vec4 1, 0, 4;
    %store/vec4 v000001b30a51eea0_0, 0, 4;
T_0.12 ;
T_0.11 ;
T_0.9 ;
T_0.7 ;
T_0.4 ;
T_0.3 ;
T_0.1 ;
    %jmp T_0;
    .thread T_0, $push;
# The file index is used to find the file name in the following table.
:file_names 3;
    "N/A";
    "<interactive>";
    "ALU_Control.v";
