#! /c/Source/iverilog-install/bin/vvp
:ivl_version "12.0 (devel)" "(s20150603-1110-g18392a46)";
:ivl_delay_selection "TYPICAL";
:vpi_time_precision + 0;
:vpi_module "C:\iverilog\lib\ivl\system.vpi";
:vpi_module "C:\iverilog\lib\ivl\vhdl_sys.vpi";
:vpi_module "C:\iverilog\lib\ivl\vhdl_textio.vpi";
:vpi_module "C:\iverilog\lib\ivl\v2005_math.vpi";
:vpi_module "C:\iverilog\lib\ivl\va_math.vpi";
S_000002696a0f2ca0 .scope module, "PC_tb" "PC_tb" 2 3;
 .timescale 0 0;
v000002696a16a840_0 .var "PC_In", 63 0;
v000002696a16a8e0_0 .net "PC_Out", 63 0, v000002696a126420_0;  1 drivers
v000002696a16a980_0 .var "clk", 0 0;
v000002696a16aa20_0 .var "reset", 0 0;
S_000002696a0f2e30 .scope module, "pc1" "Program_Counter" 2 8, 3 1 0, S_000002696a0f2ca0;
 .timescale 0 0;
    .port_info 0 /INPUT 1 "clk";
    .port_info 1 /INPUT 1 "reset";
    .port_info 2 /INPUT 64 "PC_In";
    .port_info 3 /OUTPUT 64 "PC_Out";
v000002696a28ba30_0 .net "PC_In", 63 0, v000002696a16a840_0;  1 drivers
v000002696a126420_0 .var "PC_Out", 63 0;
v000002696a0f2fc0_0 .net "clk", 0 0, v000002696a16a980_0;  1 drivers
v000002696a0f3060_0 .net "reset", 0 0, v000002696a16aa20_0;  1 drivers
E_000002696a28c6b0 .event posedge, v000002696a0f3060_0, v000002696a0f2fc0_0;
    .scope S_000002696a0f2e30;
T_0 ;
    %wait E_000002696a28c6b0;
    %load/vec4 v000002696a0f3060_0;
    %cmpi/e 1, 0, 1;
    %flag_mov 8, 4;
    %jmp/0 T_0.0, 8;
    %pushi/vec4 0, 0, 64;
    %jmp/1 T_0.1, 8;
T_0.0 ; End of true expr.
    %load/vec4 v000002696a28ba30_0;
    %jmp/0 T_0.1, 8;
 ; End of false expr.
    %blend;
T_0.1;
    %store/vec4 v000002696a126420_0, 0, 64;
    %jmp T_0;
    .thread T_0;
    .scope S_000002696a0f2ca0;
T_1 ;
    %pushi/vec4 0, 0, 1;
    %store/vec4 v000002696a16a980_0, 0, 1;
    %end;
    .thread T_1;
    .scope S_000002696a0f2ca0;
T_2 ;
    %load/vec4 v000002696a16a980_0;
    %inv;
    %store/vec4 v000002696a16a980_0, 0, 1;
    %delay 20, 0;
    %jmp T_2;
    .thread T_2;
    .scope S_000002696a0f2ca0;
T_3 ;
    %pushi/vec4 0, 0, 1;
    %store/vec4 v000002696a16aa20_0, 0, 1;
    %pushi/vec4 1024, 0, 64;
    %store/vec4 v000002696a16a840_0, 0, 64;
    %delay 15, 0;
    %pushi/vec4 1, 0, 1;
    %store/vec4 v000002696a16aa20_0, 0, 1;
    %pushi/vec4 2048, 0, 64;
    %store/vec4 v000002696a16a840_0, 0, 64;
    %delay 15, 0;
    %pushi/vec4 0, 0, 1;
    %store/vec4 v000002696a16aa20_0, 0, 1;
    %pushi/vec4 4096, 0, 64;
    %store/vec4 v000002696a16a840_0, 0, 64;
    %delay 15, 0;
    %pushi/vec4 0, 0, 1;
    %store/vec4 v000002696a16aa20_0, 0, 1;
    %pushi/vec4 8192, 0, 64;
    %store/vec4 v000002696a16a840_0, 0, 64;
    %vpi_call 2 23 "$finish" {0 0 0};
    %end;
    .thread T_3;
    .scope S_000002696a0f2ca0;
T_4 ;
    %vpi_call 2 27 "$dumpfile", "PC.vcd" {0 0 0};
    %vpi_call 2 28 "$dumpvars" {0 0 0};
    %end;
    .thread T_4;
# The file index is used to find the file name in the following table.
:file_names 4;
    "N/A";
    "<interactive>";
    "PC_tb.v";
    "./Program_Counter.v";
