#! /c/Source/iverilog-install/bin/vvp
:ivl_version "12.0 (devel)" "(s20150603-1110-g18392a46)";
:ivl_delay_selection "TYPICAL";
:vpi_time_precision + 0;
:vpi_module "C:\iverilog\lib\ivl\system.vpi";
:vpi_module "C:\iverilog\lib\ivl\vhdl_sys.vpi";
:vpi_module "C:\iverilog\lib\ivl\vhdl_textio.vpi";
:vpi_module "C:\iverilog\lib\ivl\v2005_math.vpi";
:vpi_module "C:\iverilog\lib\ivl\va_math.vpi";
S_00000239e88bedf0 .scope module, "ALU_64_bit" "ALU_64_bit" 2 1;
 .timescale 0 0;
    .port_info 0 /INPUT 64 "A";
    .port_info 1 /INPUT 64 "B";
    .port_info 2 /INPUT 6 "ALUOp";
    .port_info 3 /OUTPUT 64 "O";
    .port_info 4 /OUTPUT 1 "Zero";
o00000239e87f6f98 .functor BUFZ 64, C4<zzzzzzzzzzzzzzzzzzzzzzzzzzzzzzzzzzzzzzzzzzzzzzzzzzzzzzzzzzzzzzzz>; HiZ drive
v00000239e87c32b0_0 .net "A", 63 0, o00000239e87f6f98;  0 drivers
o00000239e87f6fc8 .functor BUFZ 6, C4<zzzzzz>; HiZ drive
v00000239e87f49a0_0 .net "ALUOp", 5 0, o00000239e87f6fc8;  0 drivers
o00000239e87f6ff8 .functor BUFZ 64, C4<zzzzzzzzzzzzzzzzzzzzzzzzzzzzzzzzzzzzzzzzzzzzzzzzzzzzzzzzzzzzzzzz>; HiZ drive
v00000239e87c2e90_0 .net "B", 63 0, o00000239e87f6ff8;  0 drivers
v00000239e88bb8f0_0 .var "O", 63 0;
v00000239e88bb990_0 .var "Zero", 0 0;
E_00000239e88bbf10 .event anyedge, v00000239e87f49a0_0, v00000239e87c32b0_0, v00000239e87c2e90_0, v00000239e88bb8f0_0;
    .scope S_00000239e88bedf0;
T_0 ;
    %wait E_00000239e88bbf10;
    %load/vec4 v00000239e87f49a0_0;
    %dup/vec4;
    %pushi/vec4 0, 0, 6;
    %cmp/u;
    %jmp/1 T_0.0, 6;
    %dup/vec4;
    %pushi/vec4 1, 0, 6;
    %cmp/u;
    %jmp/1 T_0.1, 6;
    %dup/vec4;
    %pushi/vec4 2, 0, 6;
    %cmp/u;
    %jmp/1 T_0.2, 6;
    %dup/vec4;
    %pushi/vec4 6, 0, 6;
    %cmp/u;
    %jmp/1 T_0.3, 6;
    %load/vec4 v00000239e87c32b0_0;
    %load/vec4 v00000239e87c2e90_0;
    %or;
    %inv;
    %assign/vec4 v00000239e88bb8f0_0, 0;
    %jmp T_0.5;
T_0.0 ;
    %load/vec4 v00000239e87c32b0_0;
    %load/vec4 v00000239e87c2e90_0;
    %and;
    %assign/vec4 v00000239e88bb8f0_0, 0;
    %jmp T_0.5;
T_0.1 ;
    %load/vec4 v00000239e87c32b0_0;
    %load/vec4 v00000239e87c2e90_0;
    %or;
    %assign/vec4 v00000239e88bb8f0_0, 0;
    %jmp T_0.5;
T_0.2 ;
    %load/vec4 v00000239e87c32b0_0;
    %load/vec4 v00000239e87c2e90_0;
    %add;
    %assign/vec4 v00000239e88bb8f0_0, 0;
    %jmp T_0.5;
T_0.3 ;
    %load/vec4 v00000239e87c32b0_0;
    %load/vec4 v00000239e87c2e90_0;
    %sub;
    %assign/vec4 v00000239e88bb8f0_0, 0;
    %jmp T_0.5;
T_0.5 ;
    %pop/vec4 1;
    %load/vec4 v00000239e88bb8f0_0;
    %cmpi/e 0, 0, 64;
    %flag_mov 8, 4;
    %jmp/0 T_0.6, 8;
    %pushi/vec4 1, 0, 1;
    %jmp/1 T_0.7, 8;
T_0.6 ; End of true expr.
    %pushi/vec4 0, 0, 1;
    %jmp/0 T_0.7, 8;
 ; End of false expr.
    %blend;
T_0.7;
    %store/vec4 v00000239e88bb990_0, 0, 1;
    %jmp T_0;
    .thread T_0, $push;
# The file index is used to find the file name in the following table.
:file_names 3;
    "N/A";
    "<interactive>";
    "ALU_64_bit.v";
